[ 2016-03-12T16:35:04+08:00 ] 127.0.0.1 /test/getip
INFO: [ app_init ] --START--
INFO: Run Behavior\BuildLiteBehavior [ RunTime:0.000000s ]
INFO: [ app_init ] --END-- [ RunTime:0.076004s ]
INFO: [ app_begin ] --START--
INFO: Run Behavior\ReadHtmlCacheBehavior [ RunTime:0.033002s ]
INFO: Run Behavior\CheckLangBehavior [ RunTime:0.026002s ]
INFO: [ app_begin ] --END-- [ RunTime:0.061004s ]
INFO: [ app_end ] --START--
INFO: Run Behavior\ShowPageTraceBehavior [ RunTime:0.030001s ]
INFO: [ app_end ] --END-- [ RunTime:0.031001s ]

[ 2016-03-12T16:35:04+08:00 ] 127.0.0.1 /favicon.ico
INFO: [ app_init ] --START--
INFO: Run Behavior\BuildLiteBehavior [ RunTime:0.001000s ]
INFO: [ app_init ] --END-- [ RunTime:0.002000s ]

[ 2016-03-12T17:31:49+08:00 ] 127.0.0.1 /Public/Home/images/icons/topnav/mainWebsite.png%22
INFO: [ app_init ] --START--
INFO: Run Behavior\BuildLiteBehavior [ RunTime:0.000000s ]
INFO: [ app_init ] --END-- [ RunTime:0.003000s ]
INFO: [ app_begin ] --START--
INFO: Run Behavior\ReadHtmlCacheBehavior [ RunTime:0.003000s ]
INFO: Run Behavior\CheckLangBehavior [ RunTime:0.054003s ]
INFO: [ app_begin ] --END-- [ RunTime:0.060004s ]
ERR: 无法加载控制器:Public

[ 2016-03-12T17:31:49+08:00 ] 127.0.0.1 /Public/Home/images/icons/topnav/profile.png%22
INFO: [ app_init ] --START--
INFO: Run Behavior\BuildLiteBehavior [ RunTime:0.000000s ]
INFO: [ app_init ] --END-- [ RunTime:0.001000s ]
INFO: [ app_begin ] --START--
INFO: Run Behavior\ReadHtmlCacheBehavior [ RunTime:0.002000s ]
INFO: Run Behavior\CheckLangBehavior [ RunTime:0.006000s ]
INFO: [ app_begin ] --END-- [ RunTime:0.011001s ]
ERR: 无法加载控制器:Public

[ 2016-03-12T17:31:49+08:00 ] 127.0.0.1 /Public/Home/images/icons/topnav/messages.png%22
INFO: [ app_init ] --START--
INFO: Run Behavior\BuildLiteBehavior [ RunTime:0.000000s ]
INFO: [ app_init ] --END-- [ RunTime:0.001000s ]
INFO: [ app_begin ] --START--
INFO: Run Behavior\ReadHtmlCacheBehavior [ RunTime:0.003000s ]
INFO: Run Behavior\CheckLangBehavior [ RunTime:0.006001s ]
INFO: [ app_begin ] --END-- [ RunTime:0.010001s ]
ERR: 无法加载控制器:Public

[ 2016-03-12T17:31:49+08:00 ] 127.0.0.1 /Public/Home/images/icons/topnav/settings.png%22
INFO: [ app_init ] --START--
INFO: Run Behavior\BuildLiteBehavior [ RunTime:0.000000s ]
INFO: [ app_init ] --END-- [ RunTime:0.002000s ]
INFO: [ app_begin ] --START--
INFO: Run Behavior\ReadHtmlCacheBehavior [ RunTime:0.001000s ]
INFO: Run Behavior\CheckLangBehavior [ RunTime:0.005001s ]
INFO: [ app_begin ] --END-- [ RunTime:0.009001s ]
ERR: 无法加载控制器:Public

[ 2016-03-12T17:31:50+08:00 ] 127.0.0.1 /Public/Home/images/loginLogo.png%22
INFO: [ app_init ] --START--
INFO: Run Behavior\BuildLiteBehavior [ RunTime:0.001000s ]
INFO: [ app_init ] --END-- [ RunTime:0.002000s ]
INFO: [ app_begin ] --START--
INFO: Run Behavior\ReadHtmlCacheBehavior [ RunTime:0.003000s ]
INFO: Run Behavior\CheckLangBehavior [ RunTime:0.007001s ]
INFO: [ app_begin ] --END-- [ RunTime:0.012001s ]
ERR: 无法加载控制器:Public

[ 2016-03-12T17:31:50+08:00 ] 127.0.0.1 /Public/Home/images/icons/dark/files.png%22
INFO: [ app_init ] --START--
INFO: Run Behavior\BuildLiteBehavior [ RunTime:0.000000s ]
INFO: [ app_init ] --END-- [ RunTime:0.003000s ]
INFO: [ app_begin ] --START--
INFO: Run Behavior\ReadHtmlCacheBehavior [ RunTime:0.003000s ]
INFO: Run Behavior\CheckLangBehavior [ RunTime:0.007000s ]
INFO: [ app_begin ] --END-- [ RunTime:0.012000s ]
ERR: 无法加载控制器:Public

[ 2016-03-12T17:32:56+08:00 ] 127.0.0.1 /Public/Home/images/icons/topnav/mainWebsite.png%22
INFO: [ app_init ] --START--
INFO: Run Behavior\BuildLiteBehavior [ RunTime:0.000000s ]
INFO: [ app_init ] --END-- [ RunTime:0.003000s ]
INFO: [ app_begin ] --START--
INFO: Run Behavior\ReadHtmlCacheBehavior [ RunTime:0.003000s ]
INFO: Run Behavior\CheckLangBehavior [ RunTime:0.107006s ]
INFO: [ app_begin ] --END-- [ RunTime:0.114007s ]
ERR: 无法加载控制器:Public

[ 2016-03-12T17:32:56+08:00 ] 127.0.0.1 /Public/Home/images/icons/topnav/messages.png%22
INFO: [ app_init ] --START--
INFO: Run Behavior\BuildLiteBehavior [ RunTime:0.000000s ]
INFO: [ app_init ] --END-- [ RunTime:0.002001s ]
INFO: [ app_begin ] --START--
INFO: Run Behavior\ReadHtmlCacheBehavior [ RunTime:0.001000s ]
INFO: Run Behavior\CheckLangBehavior [ RunTime:0.005000s ]
INFO: [ app_begin ] --END-- [ RunTime:0.009001s ]
ERR: 无法加载控制器:Public

[ 2016-03-12T17:32:56+08:00 ] 127.0.0.1 /Public/Home/images/loginLogo.png%22
INFO: [ app_init ] --START--
INFO: Run Behavior\BuildLiteBehavior [ RunTime:0.000000s ]
INFO: [ app_init ] --END-- [ RunTime:0.002001s ]
INFO: [ app_begin ] --START--
INFO: Run Behavior\ReadHtmlCacheBehavior [ RunTime:0.003000s ]
INFO: Run Behavior\CheckLangBehavior [ RunTime:0.007001s ]
INFO: [ app_begin ] --END-- [ RunTime:0.012001s ]
ERR: 无法加载控制器:Public

[ 2016-03-12T17:32:56+08:00 ] 127.0.0.1 /Public/Home/images/icons/topnav/settings.png%22
INFO: [ app_init ] --START--
INFO: Run Behavior\BuildLiteBehavior [ RunTime:0.000000s ]
INFO: [ app_init ] --END-- [ RunTime:0.003000s ]
INFO: [ app_begin ] --START--
INFO: Run Behavior\ReadHtmlCacheBehavior [ RunTime:0.002000s ]
INFO: Run Behavior\CheckLangBehavior [ RunTime:0.007001s ]
INFO: [ app_begin ] --END-- [ RunTime:0.010001s ]
ERR: 无法加载控制器:Public

[ 2016-03-12T17:32:56+08:00 ] 127.0.0.1 /Public/Home/images/icons/topnav/profile.png%22
INFO: [ app_init ] --START--
INFO: Run Behavior\BuildLiteBehavior [ RunTime:0.000000s ]
INFO: [ app_init ] --END-- [ RunTime:0.002001s ]
INFO: [ app_begin ] --START--
INFO: Run Behavior\ReadHtmlCacheBehavior [ RunTime:0.002000s ]
INFO: Run Behavior\CheckLangBehavior [ RunTime:0.004000s ]
INFO: [ app_begin ] --END-- [ RunTime:0.008001s ]
ERR: 无法加载控制器:Public

[ 2016-03-12T17:32:56+08:00 ] 127.0.0.1 /Public/Home/images/icons/dark/files.png%22
INFO: [ app_init ] --START--
INFO: Run Behavior\BuildLiteBehavior [ RunTime:0.001000s ]
INFO: [ app_init ] --END-- [ RunTime:0.002000s ]
INFO: [ app_begin ] --START--
INFO: Run Behavior\ReadHtmlCacheBehavior [ RunTime:0.002001s ]
INFO: Run Behavior\CheckLangBehavior [ RunTime:0.007000s ]
INFO: [ app_begin ] --END-- [ RunTime:0.012001s ]
ERR: 无法加载控制器:Public

[ 2016-03-12T19:15:50+08:00 ] 127.0.0.1 /index.php/Homepage/index
INFO: [ app_init ] --START--
INFO: Run Behavior\BuildLiteBehavior [ RunTime:0.001000s ]
INFO: [ app_init ] --END-- [ RunTime:0.003000s ]
INFO: [ app_begin ] --START--
INFO: Run Behavior\ReadHtmlCacheBehavior [ RunTime:0.003000s ]
INFO: Run Behavior\CheckLangBehavior [ RunTime:0.057003s ]
INFO: [ app_begin ] --END-- [ RunTime:0.061003s ]
INFO: [ view_parse ] --START--
INFO: [ template_filter ] --START--
INFO: Run Behavior\ContentReplaceBehavior [ RunTime:0.001000s ]
INFO: [ template_filter ] --END-- [ RunTime:0.002000s ]
INFO: Run Behavior\ParseTemplateBehavior [ RunTime:0.463026s ]
INFO: [ view_parse ] --END-- [ RunTime:0.465026s ]
INFO: [ view_filter ] --START--
INFO: Run Behavior\WriteHtmlCacheBehavior [ RunTime:0.002000s ]
INFO: [ view_filter ] --END-- [ RunTime:0.004000s ]
INFO: [ app_end ] --START--
INFO: Run Behavior\ShowPageTraceBehavior [ RunTime:0.003000s ]
INFO: [ app_end ] --END-- [ RunTime:0.004000s ]

[ 2016-03-12T19:16:07+08:00 ] 127.0.0.1 /index.php/Home/Homepage/switchLang
INFO: [ app_init ] --START--
INFO: Run Behavior\BuildLiteBehavior [ RunTime:0.000000s ]
INFO: [ app_init ] --END-- [ RunTime:0.002000s ]
INFO: [ app_begin ] --START--
INFO: Run Behavior\ReadHtmlCacheBehavior [ RunTime:0.002000s ]
INFO: Run Behavior\CheckLangBehavior [ RunTime:0.005001s ]
INFO: [ app_begin ] --END-- [ RunTime:0.008001s ]

[ 2016-03-12T19:16:07+08:00 ] 127.0.0.1 /index.php/Homepage/index
INFO: [ app_init ] --START--
INFO: Run Behavior\BuildLiteBehavior [ RunTime:0.000000s ]
INFO: [ app_init ] --END-- [ RunTime:0.002000s ]
INFO: [ app_begin ] --START--
INFO: Run Behavior\ReadHtmlCacheBehavior [ RunTime:0.002000s ]
INFO: Run Behavior\CheckLangBehavior [ RunTime:0.036002s ]
INFO: [ app_begin ] --END-- [ RunTime:0.040002s ]
INFO: [ view_parse ] --START--
INFO: [ template_filter ] --START--
INFO: Run Behavior\ContentReplaceBehavior [ RunTime:0.001000s ]
INFO: [ template_filter ] --END-- [ RunTime:0.001000s ]
INFO: Run Behavior\ParseTemplateBehavior [ RunTime:0.172010s ]
INFO: [ view_parse ] --END-- [ RunTime:0.173010s ]
INFO: [ view_filter ] --START--
INFO: Run Behavior\WriteHtmlCacheBehavior [ RunTime:0.002000s ]
INFO: [ view_filter ] --END-- [ RunTime:0.002000s ]
INFO: [ app_end ] --START--
INFO: Run Behavior\ShowPageTraceBehavior [ RunTime:0.002000s ]
INFO: [ app_end ] --END-- [ RunTime:0.003000s ]

