[ 2016-03-17T00:01:30+08:00 ] 127.0.0.1 /index.php/Admin/Admin/index.html
INFO: [ app_init ] --START--
INFO: Run Behavior\BuildLiteBehavior [ RunTime:0.000000s ]
INFO: [ app_init ] --END-- [ RunTime:0.003000s ]
INFO: [ app_begin ] --START--
INFO: Run Behavior\ReadHtmlCacheBehavior [ RunTime:0.002000s ]
INFO: Run Behavior\CheckLangBehavior [ RunTime:0.006001s ]
INFO: [ app_begin ] --END-- [ RunTime:0.010001s ]
NOTIC: [2] in_array() expects parameter 2 to be array, string given D:\phpfind\WWW\thinkphp\Shop\Common\Controller\AuthController.class.php 第 41 行.
INFO: [ view_parse ] --START--
INFO: [ template_filter ] --START--
INFO: Run Behavior\ContentReplaceBehavior [ RunTime:0.001000s ]
INFO: [ template_filter ] --END-- [ RunTime:0.002000s ]
NOTIC: [8] Undefined variable: title D:\phpfind\WWW\thinkphp\Shop\Runtime\Cache\Admin\52b83017704e7cf3f14fdee5125960d1.php 第 6 行.
NOTIC: [8] Undefined variable: user D:\phpfind\WWW\thinkphp\Shop\Runtime\Cache\Admin\52b83017704e7cf3f14fdee5125960d1.php 第 89 行.
NOTIC: [8] Undefined variable: user D:\phpfind\WWW\thinkphp\Shop\Runtime\Cache\Admin\52b83017704e7cf3f14fdee5125960d1.php 第 90 行.
NOTIC: [8] Undefined variable: user D:\phpfind\WWW\thinkphp\Shop\Runtime\Cache\Admin\52b83017704e7cf3f14fdee5125960d1.php 第 106 行.
NOTIC: [8] Undefined variable: user D:\phpfind\WWW\thinkphp\Shop\Runtime\Cache\Admin\52b83017704e7cf3f14fdee5125960d1.php 第 106 行.
NOTIC: [8] Undefined variable: user D:\phpfind\WWW\thinkphp\Shop\Runtime\Cache\Admin\52b83017704e7cf3f14fdee5125960d1.php 第 107 行.
NOTIC: [8] Undefined variable: user D:\phpfind\WWW\thinkphp\Shop\Runtime\Cache\Admin\52b83017704e7cf3f14fdee5125960d1.php 第 107 行.
NOTIC: [8] Undefined variable: user D:\phpfind\WWW\thinkphp\Shop\Runtime\Cache\Admin\52b83017704e7cf3f14fdee5125960d1.php 第 108 行.
NOTIC: [8] Undefined variable: user D:\phpfind\WWW\thinkphp\Shop\Runtime\Cache\Admin\52b83017704e7cf3f14fdee5125960d1.php 第 109 行.
NOTIC: [8] Undefined variable: user D:\phpfind\WWW\thinkphp\Shop\Runtime\Cache\Admin\52b83017704e7cf3f14fdee5125960d1.php 第 110 行.
NOTIC: [2] in_array() expects parameter 2 to be array, string given D:\phpfind\WWW\thinkphp\Shop\Common\Controller\AuthController.class.php 第 41 行.
NOTIC: [8] Use of undefined constant pkey - assumed 'pkey' D:\phpfind\WWW\thinkphp\Shop\Admin\Widget\MyWidget.class.php 第 36 行.
NOTIC: [8] Use of undefined constant pkey - assumed 'pkey' D:\phpfind\WWW\thinkphp\Shop\Admin\Widget\MyWidget.class.php 第 36 行.
NOTIC: [8] Use of undefined constant pkey - assumed 'pkey' D:\phpfind\WWW\thinkphp\Shop\Admin\Widget\MyWidget.class.php 第 36 行.
NOTIC: [8] Use of undefined constant pkey - assumed 'pkey' D:\phpfind\WWW\thinkphp\Shop\Admin\Widget\MyWidget.class.php 第 36 行.
NOTIC: [8] Use of undefined constant pkey - assumed 'pkey' D:\phpfind\WWW\thinkphp\Shop\Admin\Widget\MyWidget.class.php 第 36 行.
NOTIC: [8] Use of undefined constant pkey - assumed 'pkey' D:\phpfind\WWW\thinkphp\Shop\Admin\Widget\MyWidget.class.php 第 36 行.
NOTIC: [8] Use of undefined constant pkey - assumed 'pkey' D:\phpfind\WWW\thinkphp\Shop\Admin\Widget\MyWidget.class.php 第 36 行.
NOTIC: [8] Use of undefined constant pkey - assumed 'pkey' D:\phpfind\WWW\thinkphp\Shop\Admin\Widget\MyWidget.class.php 第 36 行.
NOTIC: [8] Use of undefined constant pkey - assumed 'pkey' D:\phpfind\WWW\thinkphp\Shop\Admin\Widget\MyWidget.class.php 第 36 行.
NOTIC: [8] Use of undefined constant pkey - assumed 'pkey' D:\phpfind\WWW\thinkphp\Shop\Admin\Widget\MyWidget.class.php 第 36 行.
NOTIC: [8] Use of undefined constant pkey - assumed 'pkey' D:\phpfind\WWW\thinkphp\Shop\Admin\Widget\MyWidget.class.php 第 36 行.
NOTIC: [8] Use of undefined constant pkey - assumed 'pkey' D:\phpfind\WWW\thinkphp\Shop\Admin\Widget\MyWidget.class.php 第 36 行.
NOTIC: [8] Use of undefined constant pkey - assumed 'pkey' D:\phpfind\WWW\thinkphp\Shop\Admin\Widget\MyWidget.class.php 第 36 行.
NOTIC: [8] Use of undefined constant pkey - assumed 'pkey' D:\phpfind\WWW\thinkphp\Shop\Admin\Widget\MyWidget.class.php 第 36 行.
NOTIC: [8] Use of undefined constant pkey - assumed 'pkey' D:\phpfind\WWW\thinkphp\Shop\Admin\Widget\MyWidget.class.php 第 36 行.
NOTIC: [8] Use of undefined constant pkey - assumed 'pkey' D:\phpfind\WWW\thinkphp\Shop\Admin\Widget\MyWidget.class.php 第 36 行.
NOTIC: [8] Use of undefined constant pkey - assumed 'pkey' D:\phpfind\WWW\thinkphp\Shop\Admin\Widget\MyWidget.class.php 第 36 行.
NOTIC: [8] Use of undefined constant pkey - assumed 'pkey' D:\phpfind\WWW\thinkphp\Shop\Admin\Widget\MyWidget.class.php 第 36 行.
NOTIC: [8] Use of undefined constant pkey - assumed 'pkey' D:\phpfind\WWW\thinkphp\Shop\Admin\Widget\MyWidget.class.php 第 36 行.
NOTIC: [8] Use of undefined constant pkey - assumed 'pkey' D:\phpfind\WWW\thinkphp\Shop\Admin\Widget\MyWidget.class.php 第 36 行.
NOTIC: [8] Use of undefined constant pkey - assumed 'pkey' D:\phpfind\WWW\thinkphp\Shop\Admin\Widget\MyWidget.class.php 第 36 行.
NOTIC: [8] Use of undefined constant pkey - assumed 'pkey' D:\phpfind\WWW\thinkphp\Shop\Admin\Widget\MyWidget.class.php 第 36 行.
NOTIC: [8] Use of undefined constant pkey - assumed 'pkey' D:\phpfind\WWW\thinkphp\Shop\Admin\Widget\MyWidget.class.php 第 36 行.
NOTIC: [8] Use of undefined constant pkey - assumed 'pkey' D:\phpfind\WWW\thinkphp\Shop\Admin\Widget\MyWidget.class.php 第 36 行.
NOTIC: [8] Use of undefined constant pkey - assumed 'pkey' D:\phpfind\WWW\thinkphp\Shop\Admin\Widget\MyWidget.class.php 第 36 行.
NOTIC: [8] Use of undefined constant pkey - assumed 'pkey' D:\phpfind\WWW\thinkphp\Shop\Admin\Widget\MyWidget.class.php 第 36 行.
NOTIC: [8] Use of undefined constant pkey - assumed 'pkey' D:\phpfind\WWW\thinkphp\Shop\Admin\Widget\MyWidget.class.php 第 36 行.
NOTIC: [8] Use of undefined constant pkey - assumed 'pkey' D:\phpfind\WWW\thinkphp\Shop\Admin\Widget\MyWidget.class.php 第 36 行.

[ 2016-03-17T00:18:01+08:00 ] 127.0.0.1 /index.php/Admin/Admin/index.html
INFO: [ app_init ] --START--
INFO: Run Behavior\BuildLiteBehavior [ RunTime:0.000000s ]
INFO: [ app_init ] --END-- [ RunTime:0.003000s ]
INFO: [ app_begin ] --START--
INFO: Run Behavior\ReadHtmlCacheBehavior [ RunTime:0.003000s ]
INFO: Run Behavior\CheckLangBehavior [ RunTime:0.005000s ]
INFO: [ app_begin ] --END-- [ RunTime:0.010001s ]
NOTIC: [2] in_array() expects parameter 2 to be array, string given D:\phpfind\WWW\thinkphp\Shop\Common\Controller\AuthController.class.php 第 41 行.
INFO: [ view_parse ] --START--
INFO: [ template_filter ] --START--
INFO: Run Behavior\ContentReplaceBehavior [ RunTime:0.001000s ]
INFO: [ template_filter ] --END-- [ RunTime:0.002000s ]
NOTIC: [8] Undefined variable: title D:\phpfind\WWW\thinkphp\Shop\Runtime\Cache\Admin\52b83017704e7cf3f14fdee5125960d1.php 第 6 行.
NOTIC: [8] Undefined variable: user D:\phpfind\WWW\thinkphp\Shop\Runtime\Cache\Admin\52b83017704e7cf3f14fdee5125960d1.php 第 89 行.
NOTIC: [8] Undefined variable: user D:\phpfind\WWW\thinkphp\Shop\Runtime\Cache\Admin\52b83017704e7cf3f14fdee5125960d1.php 第 90 行.
NOTIC: [8] Undefined variable: user D:\phpfind\WWW\thinkphp\Shop\Runtime\Cache\Admin\52b83017704e7cf3f14fdee5125960d1.php 第 106 行.
NOTIC: [8] Undefined variable: user D:\phpfind\WWW\thinkphp\Shop\Runtime\Cache\Admin\52b83017704e7cf3f14fdee5125960d1.php 第 106 行.
NOTIC: [8] Undefined variable: user D:\phpfind\WWW\thinkphp\Shop\Runtime\Cache\Admin\52b83017704e7cf3f14fdee5125960d1.php 第 107 行.
NOTIC: [8] Undefined variable: user D:\phpfind\WWW\thinkphp\Shop\Runtime\Cache\Admin\52b83017704e7cf3f14fdee5125960d1.php 第 107 行.
NOTIC: [8] Undefined variable: user D:\phpfind\WWW\thinkphp\Shop\Runtime\Cache\Admin\52b83017704e7cf3f14fdee5125960d1.php 第 108 行.
NOTIC: [8] Undefined variable: user D:\phpfind\WWW\thinkphp\Shop\Runtime\Cache\Admin\52b83017704e7cf3f14fdee5125960d1.php 第 109 行.
NOTIC: [8] Undefined variable: user D:\phpfind\WWW\thinkphp\Shop\Runtime\Cache\Admin\52b83017704e7cf3f14fdee5125960d1.php 第 110 行.
NOTIC: [2] in_array() expects parameter 2 to be array, string given D:\phpfind\WWW\thinkphp\Shop\Common\Controller\AuthController.class.php 第 41 行.

[ 2016-03-17T00:19:11+08:00 ] 127.0.0.1 /index.php/Admin/Admin/index.html
INFO: [ app_init ] --START--
INFO: Run Behavior\BuildLiteBehavior [ RunTime:0.001000s ]
INFO: [ app_init ] --END-- [ RunTime:0.003001s ]
INFO: [ app_begin ] --START--
INFO: Run Behavior\ReadHtmlCacheBehavior [ RunTime:0.002001s ]
INFO: Run Behavior\CheckLangBehavior [ RunTime:0.006000s ]
INFO: [ app_begin ] --END-- [ RunTime:0.010001s ]
NOTIC: [2] in_array() expects parameter 2 to be array, string given D:\phpfind\WWW\thinkphp\Shop\Common\Controller\AuthController.class.php 第 41 行.
INFO: [ view_parse ] --START--
INFO: [ template_filter ] --START--
INFO: Run Behavior\ContentReplaceBehavior [ RunTime:0.001000s ]
INFO: [ template_filter ] --END-- [ RunTime:0.002000s ]
NOTIC: [8] Undefined variable: title D:\phpfind\WWW\thinkphp\Shop\Runtime\Cache\Admin\52b83017704e7cf3f14fdee5125960d1.php 第 6 行.
NOTIC: [8] Undefined variable: user D:\phpfind\WWW\thinkphp\Shop\Runtime\Cache\Admin\52b83017704e7cf3f14fdee5125960d1.php 第 89 行.
NOTIC: [8] Undefined variable: user D:\phpfind\WWW\thinkphp\Shop\Runtime\Cache\Admin\52b83017704e7cf3f14fdee5125960d1.php 第 90 行.
NOTIC: [8] Undefined variable: user D:\phpfind\WWW\thinkphp\Shop\Runtime\Cache\Admin\52b83017704e7cf3f14fdee5125960d1.php 第 106 行.
NOTIC: [8] Undefined variable: user D:\phpfind\WWW\thinkphp\Shop\Runtime\Cache\Admin\52b83017704e7cf3f14fdee5125960d1.php 第 106 行.
NOTIC: [8] Undefined variable: user D:\phpfind\WWW\thinkphp\Shop\Runtime\Cache\Admin\52b83017704e7cf3f14fdee5125960d1.php 第 107 行.
NOTIC: [8] Undefined variable: user D:\phpfind\WWW\thinkphp\Shop\Runtime\Cache\Admin\52b83017704e7cf3f14fdee5125960d1.php 第 107 行.
NOTIC: [8] Undefined variable: user D:\phpfind\WWW\thinkphp\Shop\Runtime\Cache\Admin\52b83017704e7cf3f14fdee5125960d1.php 第 108 行.
NOTIC: [8] Undefined variable: user D:\phpfind\WWW\thinkphp\Shop\Runtime\Cache\Admin\52b83017704e7cf3f14fdee5125960d1.php 第 109 行.
NOTIC: [8] Undefined variable: user D:\phpfind\WWW\thinkphp\Shop\Runtime\Cache\Admin\52b83017704e7cf3f14fdee5125960d1.php 第 110 行.
NOTIC: [2] in_array() expects parameter 2 to be array, string given D:\phpfind\WWW\thinkphp\Shop\Common\Controller\AuthController.class.php 第 41 行.

[ 2016-03-17T00:21:35+08:00 ] 127.0.0.1 /index.php/Admin/Admin/index.html
INFO: [ app_init ] --START--
INFO: Run Behavior\BuildLiteBehavior [ RunTime:0.000000s ]
INFO: [ app_init ] --END-- [ RunTime:0.003001s ]
INFO: [ app_begin ] --START--
INFO: Run Behavior\ReadHtmlCacheBehavior [ RunTime:0.004000s ]
INFO: Run Behavior\CheckLangBehavior [ RunTime:0.006000s ]
INFO: [ app_begin ] --END-- [ RunTime:0.013001s ]
NOTIC: [2] in_array() expects parameter 2 to be array, string given D:\phpfind\WWW\thinkphp\Shop\Common\Controller\AuthController.class.php 第 41 行.
INFO: [ view_parse ] --START--
INFO: [ template_filter ] --START--
INFO: Run Behavior\ContentReplaceBehavior [ RunTime:0.000000s ]
INFO: [ template_filter ] --END-- [ RunTime:0.002000s ]
NOTIC: [8] Undefined variable: title D:\phpfind\WWW\thinkphp\Shop\Runtime\Cache\Admin\52b83017704e7cf3f14fdee5125960d1.php 第 6 行.
NOTIC: [8] Undefined variable: user D:\phpfind\WWW\thinkphp\Shop\Runtime\Cache\Admin\52b83017704e7cf3f14fdee5125960d1.php 第 89 行.
NOTIC: [8] Undefined variable: user D:\phpfind\WWW\thinkphp\Shop\Runtime\Cache\Admin\52b83017704e7cf3f14fdee5125960d1.php 第 90 行.
NOTIC: [8] Undefined variable: user D:\phpfind\WWW\thinkphp\Shop\Runtime\Cache\Admin\52b83017704e7cf3f14fdee5125960d1.php 第 106 行.
NOTIC: [8] Undefined variable: user D:\phpfind\WWW\thinkphp\Shop\Runtime\Cache\Admin\52b83017704e7cf3f14fdee5125960d1.php 第 106 行.
NOTIC: [8] Undefined variable: user D:\phpfind\WWW\thinkphp\Shop\Runtime\Cache\Admin\52b83017704e7cf3f14fdee5125960d1.php 第 107 行.
NOTIC: [8] Undefined variable: user D:\phpfind\WWW\thinkphp\Shop\Runtime\Cache\Admin\52b83017704e7cf3f14fdee5125960d1.php 第 107 行.
NOTIC: [8] Undefined variable: user D:\phpfind\WWW\thinkphp\Shop\Runtime\Cache\Admin\52b83017704e7cf3f14fdee5125960d1.php 第 108 行.
NOTIC: [8] Undefined variable: user D:\phpfind\WWW\thinkphp\Shop\Runtime\Cache\Admin\52b83017704e7cf3f14fdee5125960d1.php 第 109 行.
NOTIC: [8] Undefined variable: user D:\phpfind\WWW\thinkphp\Shop\Runtime\Cache\Admin\52b83017704e7cf3f14fdee5125960d1.php 第 110 行.
NOTIC: [2] in_array() expects parameter 2 to be array, string given D:\phpfind\WWW\thinkphp\Shop\Common\Controller\AuthController.class.php 第 41 行.

[ 2016-03-17T00:22:58+08:00 ] 127.0.0.1 /index.php/Admin/Admin/index.html
INFO: [ app_init ] --START--
INFO: Run Behavior\BuildLiteBehavior [ RunTime:0.000000s ]
INFO: [ app_init ] --END-- [ RunTime:0.004000s ]
INFO: [ app_begin ] --START--
INFO: Run Behavior\ReadHtmlCacheBehavior [ RunTime:0.002000s ]
INFO: Run Behavior\CheckLangBehavior [ RunTime:0.005001s ]
INFO: [ app_begin ] --END-- [ RunTime:0.009001s ]
NOTIC: [2] in_array() expects parameter 2 to be array, string given D:\phpfind\WWW\thinkphp\Shop\Common\Controller\AuthController.class.php 第 41 行.
INFO: [ view_parse ] --START--
INFO: [ template_filter ] --START--
INFO: Run Behavior\ContentReplaceBehavior [ RunTime:0.001000s ]
INFO: [ template_filter ] --END-- [ RunTime:0.002000s ]
NOTIC: [8] Undefined variable: title D:\phpfind\WWW\thinkphp\Shop\Runtime\Cache\Admin\52b83017704e7cf3f14fdee5125960d1.php 第 6 行.
NOTIC: [8] Undefined variable: user D:\phpfind\WWW\thinkphp\Shop\Runtime\Cache\Admin\52b83017704e7cf3f14fdee5125960d1.php 第 89 行.
NOTIC: [8] Undefined variable: user D:\phpfind\WWW\thinkphp\Shop\Runtime\Cache\Admin\52b83017704e7cf3f14fdee5125960d1.php 第 90 行.
NOTIC: [8] Undefined variable: user D:\phpfind\WWW\thinkphp\Shop\Runtime\Cache\Admin\52b83017704e7cf3f14fdee5125960d1.php 第 106 行.
NOTIC: [8] Undefined variable: user D:\phpfind\WWW\thinkphp\Shop\Runtime\Cache\Admin\52b83017704e7cf3f14fdee5125960d1.php 第 106 行.
NOTIC: [8] Undefined variable: user D:\phpfind\WWW\thinkphp\Shop\Runtime\Cache\Admin\52b83017704e7cf3f14fdee5125960d1.php 第 107 行.
NOTIC: [8] Undefined variable: user D:\phpfind\WWW\thinkphp\Shop\Runtime\Cache\Admin\52b83017704e7cf3f14fdee5125960d1.php 第 107 行.
NOTIC: [8] Undefined variable: user D:\phpfind\WWW\thinkphp\Shop\Runtime\Cache\Admin\52b83017704e7cf3f14fdee5125960d1.php 第 108 行.
NOTIC: [8] Undefined variable: user D:\phpfind\WWW\thinkphp\Shop\Runtime\Cache\Admin\52b83017704e7cf3f14fdee5125960d1.php 第 109 行.
NOTIC: [8] Undefined variable: user D:\phpfind\WWW\thinkphp\Shop\Runtime\Cache\Admin\52b83017704e7cf3f14fdee5125960d1.php 第 110 行.
NOTIC: [2] in_array() expects parameter 2 to be array, string given D:\phpfind\WWW\thinkphp\Shop\Common\Controller\AuthController.class.php 第 41 行.

[ 2016-03-17T00:25:49+08:00 ] 127.0.0.1 /index.php/Admin/Admin/index.html
INFO: [ app_init ] --START--
INFO: Run Behavior\BuildLiteBehavior [ RunTime:0.000000s ]
INFO: [ app_init ] --END-- [ RunTime:0.003000s ]
INFO: [ app_begin ] --START--
INFO: Run Behavior\ReadHtmlCacheBehavior [ RunTime:0.004000s ]
INFO: Run Behavior\CheckLangBehavior [ RunTime:0.005000s ]
INFO: [ app_begin ] --END-- [ RunTime:0.010000s ]
NOTIC: [2] in_array() expects parameter 2 to be array, string given D:\phpfind\WWW\thinkphp\Shop\Common\Controller\AuthController.class.php 第 41 行.
INFO: [ view_parse ] --START--
INFO: [ template_filter ] --START--
INFO: Run Behavior\ContentReplaceBehavior [ RunTime:0.000000s ]
INFO: [ template_filter ] --END-- [ RunTime:0.002000s ]
NOTIC: [8] Undefined variable: title D:\phpfind\WWW\thinkphp\Shop\Runtime\Cache\Admin\52b83017704e7cf3f14fdee5125960d1.php 第 6 行.
NOTIC: [8] Undefined variable: user D:\phpfind\WWW\thinkphp\Shop\Runtime\Cache\Admin\52b83017704e7cf3f14fdee5125960d1.php 第 89 行.
NOTIC: [8] Undefined variable: user D:\phpfind\WWW\thinkphp\Shop\Runtime\Cache\Admin\52b83017704e7cf3f14fdee5125960d1.php 第 90 行.
NOTIC: [8] Undefined variable: user D:\phpfind\WWW\thinkphp\Shop\Runtime\Cache\Admin\52b83017704e7cf3f14fdee5125960d1.php 第 106 行.
NOTIC: [8] Undefined variable: user D:\phpfind\WWW\thinkphp\Shop\Runtime\Cache\Admin\52b83017704e7cf3f14fdee5125960d1.php 第 106 行.
NOTIC: [8] Undefined variable: user D:\phpfind\WWW\thinkphp\Shop\Runtime\Cache\Admin\52b83017704e7cf3f14fdee5125960d1.php 第 107 行.
NOTIC: [8] Undefined variable: user D:\phpfind\WWW\thinkphp\Shop\Runtime\Cache\Admin\52b83017704e7cf3f14fdee5125960d1.php 第 107 行.
NOTIC: [8] Undefined variable: user D:\phpfind\WWW\thinkphp\Shop\Runtime\Cache\Admin\52b83017704e7cf3f14fdee5125960d1.php 第 108 行.
NOTIC: [8] Undefined variable: user D:\phpfind\WWW\thinkphp\Shop\Runtime\Cache\Admin\52b83017704e7cf3f14fdee5125960d1.php 第 109 行.
NOTIC: [8] Undefined variable: user D:\phpfind\WWW\thinkphp\Shop\Runtime\Cache\Admin\52b83017704e7cf3f14fdee5125960d1.php 第 110 行.
NOTIC: [2] in_array() expects parameter 2 to be array, string given D:\phpfind\WWW\thinkphp\Shop\Common\Controller\AuthController.class.php 第 41 行.

[ 2016-03-17T00:28:00+08:00 ] 127.0.0.1 /index.php/Admin/Admin/index.html
INFO: [ app_init ] --START--
INFO: Run Behavior\BuildLiteBehavior [ RunTime:0.000000s ]
INFO: [ app_init ] --END-- [ RunTime:0.006001s ]
INFO: [ app_begin ] --START--
INFO: Run Behavior\ReadHtmlCacheBehavior [ RunTime:0.003000s ]
INFO: Run Behavior\CheckLangBehavior [ RunTime:0.008001s ]
INFO: [ app_begin ] --END-- [ RunTime:0.013001s ]
NOTIC: [2] in_array() expects parameter 2 to be array, string given D:\phpfind\WWW\thinkphp\Shop\Common\Controller\AuthController.class.php 第 41 行.
INFO: [ view_parse ] --START--
INFO: [ template_filter ] --START--
INFO: Run Behavior\ContentReplaceBehavior [ RunTime:0.001000s ]
INFO: [ template_filter ] --END-- [ RunTime:0.002000s ]
NOTIC: [8] Undefined variable: title D:\phpfind\WWW\thinkphp\Shop\Runtime\Cache\Admin\52b83017704e7cf3f14fdee5125960d1.php 第 6 行.
NOTIC: [8] Undefined variable: user D:\phpfind\WWW\thinkphp\Shop\Runtime\Cache\Admin\52b83017704e7cf3f14fdee5125960d1.php 第 89 行.
NOTIC: [8] Undefined variable: user D:\phpfind\WWW\thinkphp\Shop\Runtime\Cache\Admin\52b83017704e7cf3f14fdee5125960d1.php 第 90 行.
NOTIC: [8] Undefined variable: user D:\phpfind\WWW\thinkphp\Shop\Runtime\Cache\Admin\52b83017704e7cf3f14fdee5125960d1.php 第 106 行.
NOTIC: [8] Undefined variable: user D:\phpfind\WWW\thinkphp\Shop\Runtime\Cache\Admin\52b83017704e7cf3f14fdee5125960d1.php 第 106 行.
NOTIC: [8] Undefined variable: user D:\phpfind\WWW\thinkphp\Shop\Runtime\Cache\Admin\52b83017704e7cf3f14fdee5125960d1.php 第 107 行.
NOTIC: [8] Undefined variable: user D:\phpfind\WWW\thinkphp\Shop\Runtime\Cache\Admin\52b83017704e7cf3f14fdee5125960d1.php 第 107 行.
NOTIC: [8] Undefined variable: user D:\phpfind\WWW\thinkphp\Shop\Runtime\Cache\Admin\52b83017704e7cf3f14fdee5125960d1.php 第 108 行.
NOTIC: [8] Undefined variable: user D:\phpfind\WWW\thinkphp\Shop\Runtime\Cache\Admin\52b83017704e7cf3f14fdee5125960d1.php 第 109 行.
NOTIC: [8] Undefined variable: user D:\phpfind\WWW\thinkphp\Shop\Runtime\Cache\Admin\52b83017704e7cf3f14fdee5125960d1.php 第 110 行.
NOTIC: [2] in_array() expects parameter 2 to be array, string given D:\phpfind\WWW\thinkphp\Shop\Common\Controller\AuthController.class.php 第 41 行.

[ 2016-03-17T00:29:20+08:00 ] 127.0.0.1 /index.php/Admin/Admin/index.html
INFO: [ app_init ] --START--
INFO: Run Behavior\BuildLiteBehavior [ RunTime:0.001000s ]
INFO: [ app_init ] --END-- [ RunTime:0.003000s ]
INFO: [ app_begin ] --START--
INFO: Run Behavior\ReadHtmlCacheBehavior [ RunTime:0.003000s ]
INFO: Run Behavior\CheckLangBehavior [ RunTime:0.005000s ]
INFO: [ app_begin ] --END-- [ RunTime:0.009000s ]
NOTIC: [2] in_array() expects parameter 2 to be array, string given D:\phpfind\WWW\thinkphp\Shop\Common\Controller\AuthController.class.php 第 41 行.
INFO: [ view_parse ] --START--
INFO: [ template_filter ] --START--
INFO: Run Behavior\ContentReplaceBehavior [ RunTime:0.001000s ]
INFO: [ template_filter ] --END-- [ RunTime:0.001000s ]
NOTIC: [8] Undefined variable: title D:\phpfind\WWW\thinkphp\Shop\Runtime\Cache\Admin\52b83017704e7cf3f14fdee5125960d1.php 第 6 行.
NOTIC: [8] Undefined variable: user D:\phpfind\WWW\thinkphp\Shop\Runtime\Cache\Admin\52b83017704e7cf3f14fdee5125960d1.php 第 89 行.
NOTIC: [8] Undefined variable: user D:\phpfind\WWW\thinkphp\Shop\Runtime\Cache\Admin\52b83017704e7cf3f14fdee5125960d1.php 第 90 行.
NOTIC: [8] Undefined variable: user D:\phpfind\WWW\thinkphp\Shop\Runtime\Cache\Admin\52b83017704e7cf3f14fdee5125960d1.php 第 106 行.
NOTIC: [8] Undefined variable: user D:\phpfind\WWW\thinkphp\Shop\Runtime\Cache\Admin\52b83017704e7cf3f14fdee5125960d1.php 第 106 行.
NOTIC: [8] Undefined variable: user D:\phpfind\WWW\thinkphp\Shop\Runtime\Cache\Admin\52b83017704e7cf3f14fdee5125960d1.php 第 107 行.
NOTIC: [8] Undefined variable: user D:\phpfind\WWW\thinkphp\Shop\Runtime\Cache\Admin\52b83017704e7cf3f14fdee5125960d1.php 第 107 行.
NOTIC: [8] Undefined variable: user D:\phpfind\WWW\thinkphp\Shop\Runtime\Cache\Admin\52b83017704e7cf3f14fdee5125960d1.php 第 108 行.
NOTIC: [8] Undefined variable: user D:\phpfind\WWW\thinkphp\Shop\Runtime\Cache\Admin\52b83017704e7cf3f14fdee5125960d1.php 第 109 行.
NOTIC: [8] Undefined variable: user D:\phpfind\WWW\thinkphp\Shop\Runtime\Cache\Admin\52b83017704e7cf3f14fdee5125960d1.php 第 110 行.
NOTIC: [2] in_array() expects parameter 2 to be array, string given D:\phpfind\WWW\thinkphp\Shop\Common\Controller\AuthController.class.php 第 41 行.

[ 2016-03-17T00:32:15+08:00 ] 127.0.0.1 /index.php/Admin/Admin/index.html
INFO: [ app_init ] --START--
INFO: Run Behavior\BuildLiteBehavior [ RunTime:0.000000s ]
INFO: [ app_init ] --END-- [ RunTime:0.003000s ]
INFO: [ app_begin ] --START--
INFO: Run Behavior\ReadHtmlCacheBehavior [ RunTime:0.003000s ]
INFO: Run Behavior\CheckLangBehavior [ RunTime:0.005000s ]
INFO: [ app_begin ] --END-- [ RunTime:0.008000s ]
NOTIC: [2] in_array() expects parameter 2 to be array, string given D:\phpfind\WWW\thinkphp\Shop\Common\Controller\AuthController.class.php 第 41 行.
INFO: [ view_parse ] --START--
INFO: [ template_filter ] --START--
INFO: Run Behavior\ContentReplaceBehavior [ RunTime:0.001000s ]
INFO: [ template_filter ] --END-- [ RunTime:0.001000s ]
NOTIC: [8] Undefined variable: title D:\phpfind\WWW\thinkphp\Shop\Runtime\Cache\Admin\52b83017704e7cf3f14fdee5125960d1.php 第 6 行.
NOTIC: [8] Undefined variable: user D:\phpfind\WWW\thinkphp\Shop\Runtime\Cache\Admin\52b83017704e7cf3f14fdee5125960d1.php 第 89 行.
NOTIC: [8] Undefined variable: user D:\phpfind\WWW\thinkphp\Shop\Runtime\Cache\Admin\52b83017704e7cf3f14fdee5125960d1.php 第 90 行.
NOTIC: [8] Undefined variable: user D:\phpfind\WWW\thinkphp\Shop\Runtime\Cache\Admin\52b83017704e7cf3f14fdee5125960d1.php 第 106 行.
NOTIC: [8] Undefined variable: user D:\phpfind\WWW\thinkphp\Shop\Runtime\Cache\Admin\52b83017704e7cf3f14fdee5125960d1.php 第 106 行.
NOTIC: [8] Undefined variable: user D:\phpfind\WWW\thinkphp\Shop\Runtime\Cache\Admin\52b83017704e7cf3f14fdee5125960d1.php 第 107 行.
NOTIC: [8] Undefined variable: user D:\phpfind\WWW\thinkphp\Shop\Runtime\Cache\Admin\52b83017704e7cf3f14fdee5125960d1.php 第 107 行.
NOTIC: [8] Undefined variable: user D:\phpfind\WWW\thinkphp\Shop\Runtime\Cache\Admin\52b83017704e7cf3f14fdee5125960d1.php 第 108 行.
NOTIC: [8] Undefined variable: user D:\phpfind\WWW\thinkphp\Shop\Runtime\Cache\Admin\52b83017704e7cf3f14fdee5125960d1.php 第 109 行.
NOTIC: [8] Undefined variable: user D:\phpfind\WWW\thinkphp\Shop\Runtime\Cache\Admin\52b83017704e7cf3f14fdee5125960d1.php 第 110 行.
NOTIC: [2] in_array() expects parameter 2 to be array, string given D:\phpfind\WWW\thinkphp\Shop\Common\Controller\AuthController.class.php 第 41 行.

[ 2016-03-17T00:33:03+08:00 ] 127.0.0.1 /index.php/Admin/Admin/index.html
INFO: [ app_init ] --START--
INFO: Run Behavior\BuildLiteBehavior [ RunTime:0.001000s ]
INFO: [ app_init ] --END-- [ RunTime:0.003000s ]
INFO: [ app_begin ] --START--
INFO: Run Behavior\ReadHtmlCacheBehavior [ RunTime:0.002000s ]
INFO: Run Behavior\CheckLangBehavior [ RunTime:0.007001s ]
INFO: [ app_begin ] --END-- [ RunTime:0.012001s ]
NOTIC: [2] in_array() expects parameter 2 to be array, string given D:\phpfind\WWW\thinkphp\Shop\Common\Controller\AuthController.class.php 第 41 行.
INFO: [ view_parse ] --START--
INFO: [ template_filter ] --START--
INFO: Run Behavior\ContentReplaceBehavior [ RunTime:0.001000s ]
INFO: [ template_filter ] --END-- [ RunTime:0.002000s ]
NOTIC: [8] Undefined variable: title D:\phpfind\WWW\thinkphp\Shop\Runtime\Cache\Admin\52b83017704e7cf3f14fdee5125960d1.php 第 6 行.
NOTIC: [8] Undefined variable: user D:\phpfind\WWW\thinkphp\Shop\Runtime\Cache\Admin\52b83017704e7cf3f14fdee5125960d1.php 第 89 行.
NOTIC: [8] Undefined variable: user D:\phpfind\WWW\thinkphp\Shop\Runtime\Cache\Admin\52b83017704e7cf3f14fdee5125960d1.php 第 90 行.
NOTIC: [8] Undefined variable: user D:\phpfind\WWW\thinkphp\Shop\Runtime\Cache\Admin\52b83017704e7cf3f14fdee5125960d1.php 第 106 行.
NOTIC: [8] Undefined variable: user D:\phpfind\WWW\thinkphp\Shop\Runtime\Cache\Admin\52b83017704e7cf3f14fdee5125960d1.php 第 106 行.
NOTIC: [8] Undefined variable: user D:\phpfind\WWW\thinkphp\Shop\Runtime\Cache\Admin\52b83017704e7cf3f14fdee5125960d1.php 第 107 行.
NOTIC: [8] Undefined variable: user D:\phpfind\WWW\thinkphp\Shop\Runtime\Cache\Admin\52b83017704e7cf3f14fdee5125960d1.php 第 107 行.
NOTIC: [8] Undefined variable: user D:\phpfind\WWW\thinkphp\Shop\Runtime\Cache\Admin\52b83017704e7cf3f14fdee5125960d1.php 第 108 行.
NOTIC: [8] Undefined variable: user D:\phpfind\WWW\thinkphp\Shop\Runtime\Cache\Admin\52b83017704e7cf3f14fdee5125960d1.php 第 109 行.
NOTIC: [8] Undefined variable: user D:\phpfind\WWW\thinkphp\Shop\Runtime\Cache\Admin\52b83017704e7cf3f14fdee5125960d1.php 第 110 行.
NOTIC: [2] in_array() expects parameter 2 to be array, string given D:\phpfind\WWW\thinkphp\Shop\Common\Controller\AuthController.class.php 第 41 行.

[ 2016-03-17T00:35:04+08:00 ] 127.0.0.1 /index.php/Admin/Admin/index.html
INFO: [ app_init ] --START--
INFO: Run Behavior\BuildLiteBehavior [ RunTime:0.000000s ]
INFO: [ app_init ] --END-- [ RunTime:0.004001s ]
INFO: [ app_begin ] --START--
INFO: Run Behavior\ReadHtmlCacheBehavior [ RunTime:0.004000s ]
INFO: Run Behavior\CheckLangBehavior [ RunTime:0.005001s ]
INFO: [ app_begin ] --END-- [ RunTime:0.012001s ]
NOTIC: [2] in_array() expects parameter 2 to be array, string given D:\phpfind\WWW\thinkphp\Shop\Common\Controller\AuthController.class.php 第 41 行.
INFO: [ view_parse ] --START--
INFO: [ template_filter ] --START--
INFO: Run Behavior\ContentReplaceBehavior [ RunTime:0.000000s ]
INFO: [ template_filter ] --END-- [ RunTime:0.002000s ]
NOTIC: [8] Undefined variable: title D:\phpfind\WWW\thinkphp\Shop\Runtime\Cache\Admin\52b83017704e7cf3f14fdee5125960d1.php 第 6 行.
NOTIC: [8] Undefined variable: user D:\phpfind\WWW\thinkphp\Shop\Runtime\Cache\Admin\52b83017704e7cf3f14fdee5125960d1.php 第 89 行.
NOTIC: [8] Undefined variable: user D:\phpfind\WWW\thinkphp\Shop\Runtime\Cache\Admin\52b83017704e7cf3f14fdee5125960d1.php 第 90 行.
NOTIC: [8] Undefined variable: user D:\phpfind\WWW\thinkphp\Shop\Runtime\Cache\Admin\52b83017704e7cf3f14fdee5125960d1.php 第 106 行.
NOTIC: [8] Undefined variable: user D:\phpfind\WWW\thinkphp\Shop\Runtime\Cache\Admin\52b83017704e7cf3f14fdee5125960d1.php 第 106 行.
NOTIC: [8] Undefined variable: user D:\phpfind\WWW\thinkphp\Shop\Runtime\Cache\Admin\52b83017704e7cf3f14fdee5125960d1.php 第 107 行.
NOTIC: [8] Undefined variable: user D:\phpfind\WWW\thinkphp\Shop\Runtime\Cache\Admin\52b83017704e7cf3f14fdee5125960d1.php 第 107 行.
NOTIC: [8] Undefined variable: user D:\phpfind\WWW\thinkphp\Shop\Runtime\Cache\Admin\52b83017704e7cf3f14fdee5125960d1.php 第 108 行.
NOTIC: [8] Undefined variable: user D:\phpfind\WWW\thinkphp\Shop\Runtime\Cache\Admin\52b83017704e7cf3f14fdee5125960d1.php 第 109 行.
NOTIC: [8] Undefined variable: user D:\phpfind\WWW\thinkphp\Shop\Runtime\Cache\Admin\52b83017704e7cf3f14fdee5125960d1.php 第 110 行.
NOTIC: [2] in_array() expects parameter 2 to be array, string given D:\phpfind\WWW\thinkphp\Shop\Common\Controller\AuthController.class.php 第 41 行.

[ 2016-03-17T00:37:23+08:00 ] 127.0.0.1 /index.php/Admin/Admin/index.html
INFO: [ app_init ] --START--
INFO: Run Behavior\BuildLiteBehavior [ RunTime:0.000000s ]
INFO: [ app_init ] --END-- [ RunTime:0.003000s ]
INFO: [ app_begin ] --START--
INFO: Run Behavior\ReadHtmlCacheBehavior [ RunTime:0.002000s ]
INFO: Run Behavior\CheckLangBehavior [ RunTime:0.008001s ]
INFO: [ app_begin ] --END-- [ RunTime:0.013001s ]
NOTIC: [2] in_array() expects parameter 2 to be array, string given D:\phpfind\WWW\thinkphp\Shop\Common\Controller\AuthController.class.php 第 41 行.
INFO: [ view_parse ] --START--
INFO: [ template_filter ] --START--
INFO: Run Behavior\ContentReplaceBehavior [ RunTime:0.001000s ]
INFO: [ template_filter ] --END-- [ RunTime:0.002000s ]
NOTIC: [8] Undefined variable: title D:\phpfind\WWW\thinkphp\Shop\Runtime\Cache\Admin\52b83017704e7cf3f14fdee5125960d1.php 第 6 行.
NOTIC: [8] Undefined variable: user D:\phpfind\WWW\thinkphp\Shop\Runtime\Cache\Admin\52b83017704e7cf3f14fdee5125960d1.php 第 89 行.
NOTIC: [8] Undefined variable: user D:\phpfind\WWW\thinkphp\Shop\Runtime\Cache\Admin\52b83017704e7cf3f14fdee5125960d1.php 第 90 行.
NOTIC: [8] Undefined variable: user D:\phpfind\WWW\thinkphp\Shop\Runtime\Cache\Admin\52b83017704e7cf3f14fdee5125960d1.php 第 106 行.
NOTIC: [8] Undefined variable: user D:\phpfind\WWW\thinkphp\Shop\Runtime\Cache\Admin\52b83017704e7cf3f14fdee5125960d1.php 第 106 行.
NOTIC: [8] Undefined variable: user D:\phpfind\WWW\thinkphp\Shop\Runtime\Cache\Admin\52b83017704e7cf3f14fdee5125960d1.php 第 107 行.
NOTIC: [8] Undefined variable: user D:\phpfind\WWW\thinkphp\Shop\Runtime\Cache\Admin\52b83017704e7cf3f14fdee5125960d1.php 第 107 行.
NOTIC: [8] Undefined variable: user D:\phpfind\WWW\thinkphp\Shop\Runtime\Cache\Admin\52b83017704e7cf3f14fdee5125960d1.php 第 108 行.
NOTIC: [8] Undefined variable: user D:\phpfind\WWW\thinkphp\Shop\Runtime\Cache\Admin\52b83017704e7cf3f14fdee5125960d1.php 第 109 行.
NOTIC: [8] Undefined variable: user D:\phpfind\WWW\thinkphp\Shop\Runtime\Cache\Admin\52b83017704e7cf3f14fdee5125960d1.php 第 110 行.
NOTIC: [2] in_array() expects parameter 2 to be array, string given D:\phpfind\WWW\thinkphp\Shop\Common\Controller\AuthController.class.php 第 41 行.

[ 2016-03-17T00:37:59+08:00 ] 127.0.0.1 /index.php/Admin/Admin/index.html
INFO: [ app_init ] --START--
INFO: Run Behavior\BuildLiteBehavior [ RunTime:0.000000s ]
INFO: [ app_init ] --END-- [ RunTime:0.004000s ]
INFO: [ app_begin ] --START--
INFO: Run Behavior\ReadHtmlCacheBehavior [ RunTime:0.002000s ]
INFO: Run Behavior\CheckLangBehavior [ RunTime:0.005000s ]
INFO: [ app_begin ] --END-- [ RunTime:0.009000s ]
NOTIC: [2] in_array() expects parameter 2 to be array, string given D:\phpfind\WWW\thinkphp\Shop\Common\Controller\AuthController.class.php 第 41 行.
INFO: [ view_parse ] --START--
INFO: [ template_filter ] --START--
INFO: Run Behavior\ContentReplaceBehavior [ RunTime:0.001000s ]
INFO: [ template_filter ] --END-- [ RunTime:0.002000s ]
NOTIC: [8] Undefined variable: title D:\phpfind\WWW\thinkphp\Shop\Runtime\Cache\Admin\52b83017704e7cf3f14fdee5125960d1.php 第 6 行.
NOTIC: [8] Undefined variable: user D:\phpfind\WWW\thinkphp\Shop\Runtime\Cache\Admin\52b83017704e7cf3f14fdee5125960d1.php 第 89 行.
NOTIC: [8] Undefined variable: user D:\phpfind\WWW\thinkphp\Shop\Runtime\Cache\Admin\52b83017704e7cf3f14fdee5125960d1.php 第 90 行.
NOTIC: [8] Undefined variable: user D:\phpfind\WWW\thinkphp\Shop\Runtime\Cache\Admin\52b83017704e7cf3f14fdee5125960d1.php 第 106 行.
NOTIC: [8] Undefined variable: user D:\phpfind\WWW\thinkphp\Shop\Runtime\Cache\Admin\52b83017704e7cf3f14fdee5125960d1.php 第 106 行.
NOTIC: [8] Undefined variable: user D:\phpfind\WWW\thinkphp\Shop\Runtime\Cache\Admin\52b83017704e7cf3f14fdee5125960d1.php 第 107 行.
NOTIC: [8] Undefined variable: user D:\phpfind\WWW\thinkphp\Shop\Runtime\Cache\Admin\52b83017704e7cf3f14fdee5125960d1.php 第 107 行.
NOTIC: [8] Undefined variable: user D:\phpfind\WWW\thinkphp\Shop\Runtime\Cache\Admin\52b83017704e7cf3f14fdee5125960d1.php 第 108 行.
NOTIC: [8] Undefined variable: user D:\phpfind\WWW\thinkphp\Shop\Runtime\Cache\Admin\52b83017704e7cf3f14fdee5125960d1.php 第 109 行.
NOTIC: [8] Undefined variable: user D:\phpfind\WWW\thinkphp\Shop\Runtime\Cache\Admin\52b83017704e7cf3f14fdee5125960d1.php 第 110 行.
NOTIC: [2] in_array() expects parameter 2 to be array, string given D:\phpfind\WWW\thinkphp\Shop\Common\Controller\AuthController.class.php 第 41 行.

[ 2016-03-17T00:42:10+08:00 ] 127.0.0.1 /index.php/Admin/Admin/index.html
INFO: [ app_init ] --START--
INFO: Run Behavior\BuildLiteBehavior [ RunTime:0.001000s ]
INFO: [ app_init ] --END-- [ RunTime:0.004000s ]
INFO: [ app_begin ] --START--
INFO: Run Behavior\ReadHtmlCacheBehavior [ RunTime:0.003000s ]
INFO: Run Behavior\CheckLangBehavior [ RunTime:0.007000s ]
INFO: [ app_begin ] --END-- [ RunTime:0.011000s ]
NOTIC: [2] in_array() expects parameter 2 to be array, string given D:\phpfind\WWW\thinkphp\Shop\Common\Controller\AuthController.class.php 第 41 行.
INFO: [ view_parse ] --START--
INFO: [ template_filter ] --START--
INFO: Run Behavior\ContentReplaceBehavior [ RunTime:0.001001s ]
INFO: [ template_filter ] --END-- [ RunTime:0.003001s ]
NOTIC: [8] Undefined variable: title D:\phpfind\WWW\thinkphp\Shop\Runtime\Cache\Admin\52b83017704e7cf3f14fdee5125960d1.php 第 6 行.
NOTIC: [8] Undefined variable: user D:\phpfind\WWW\thinkphp\Shop\Runtime\Cache\Admin\52b83017704e7cf3f14fdee5125960d1.php 第 89 行.
NOTIC: [8] Undefined variable: user D:\phpfind\WWW\thinkphp\Shop\Runtime\Cache\Admin\52b83017704e7cf3f14fdee5125960d1.php 第 90 行.
NOTIC: [8] Undefined variable: user D:\phpfind\WWW\thinkphp\Shop\Runtime\Cache\Admin\52b83017704e7cf3f14fdee5125960d1.php 第 106 行.
NOTIC: [8] Undefined variable: user D:\phpfind\WWW\thinkphp\Shop\Runtime\Cache\Admin\52b83017704e7cf3f14fdee5125960d1.php 第 106 行.
NOTIC: [8] Undefined variable: user D:\phpfind\WWW\thinkphp\Shop\Runtime\Cache\Admin\52b83017704e7cf3f14fdee5125960d1.php 第 107 行.
NOTIC: [8] Undefined variable: user D:\phpfind\WWW\thinkphp\Shop\Runtime\Cache\Admin\52b83017704e7cf3f14fdee5125960d1.php 第 107 行.
NOTIC: [8] Undefined variable: user D:\phpfind\WWW\thinkphp\Shop\Runtime\Cache\Admin\52b83017704e7cf3f14fdee5125960d1.php 第 108 行.
NOTIC: [8] Undefined variable: user D:\phpfind\WWW\thinkphp\Shop\Runtime\Cache\Admin\52b83017704e7cf3f14fdee5125960d1.php 第 109 行.
NOTIC: [8] Undefined variable: user D:\phpfind\WWW\thinkphp\Shop\Runtime\Cache\Admin\52b83017704e7cf3f14fdee5125960d1.php 第 110 行.
NOTIC: [2] in_array() expects parameter 2 to be array, string given D:\phpfind\WWW\thinkphp\Shop\Common\Controller\AuthController.class.php 第 41 行.

[ 2016-03-17T00:45:54+08:00 ] 127.0.0.1 /index.php/Admin/Admin/index.html
INFO: [ app_init ] --START--
INFO: Run Behavior\BuildLiteBehavior [ RunTime:0.000000s ]
INFO: [ app_init ] --END-- [ RunTime:0.002000s ]
INFO: [ app_begin ] --START--
INFO: Run Behavior\ReadHtmlCacheBehavior [ RunTime:0.003000s ]
INFO: Run Behavior\CheckLangBehavior [ RunTime:0.005001s ]
INFO: [ app_begin ] --END-- [ RunTime:0.010001s ]
NOTIC: [2] in_array() expects parameter 2 to be array, string given D:\phpfind\WWW\thinkphp\Shop\Common\Controller\AuthController.class.php 第 41 行.
INFO: [ view_parse ] --START--
INFO: [ template_filter ] --START--
INFO: Run Behavior\ContentReplaceBehavior [ RunTime:0.001000s ]
INFO: [ template_filter ] --END-- [ RunTime:0.002000s ]
NOTIC: [8] Undefined variable: title D:\phpfind\WWW\thinkphp\Shop\Runtime\Cache\Admin\52b83017704e7cf3f14fdee5125960d1.php 第 6 行.
NOTIC: [8] Undefined variable: user D:\phpfind\WWW\thinkphp\Shop\Runtime\Cache\Admin\52b83017704e7cf3f14fdee5125960d1.php 第 89 行.
NOTIC: [8] Undefined variable: user D:\phpfind\WWW\thinkphp\Shop\Runtime\Cache\Admin\52b83017704e7cf3f14fdee5125960d1.php 第 90 行.
NOTIC: [8] Undefined variable: user D:\phpfind\WWW\thinkphp\Shop\Runtime\Cache\Admin\52b83017704e7cf3f14fdee5125960d1.php 第 106 行.
NOTIC: [8] Undefined variable: user D:\phpfind\WWW\thinkphp\Shop\Runtime\Cache\Admin\52b83017704e7cf3f14fdee5125960d1.php 第 106 行.
NOTIC: [8] Undefined variable: user D:\phpfind\WWW\thinkphp\Shop\Runtime\Cache\Admin\52b83017704e7cf3f14fdee5125960d1.php 第 107 行.
NOTIC: [8] Undefined variable: user D:\phpfind\WWW\thinkphp\Shop\Runtime\Cache\Admin\52b83017704e7cf3f14fdee5125960d1.php 第 107 行.
NOTIC: [8] Undefined variable: user D:\phpfind\WWW\thinkphp\Shop\Runtime\Cache\Admin\52b83017704e7cf3f14fdee5125960d1.php 第 108 行.
NOTIC: [8] Undefined variable: user D:\phpfind\WWW\thinkphp\Shop\Runtime\Cache\Admin\52b83017704e7cf3f14fdee5125960d1.php 第 109 行.
NOTIC: [8] Undefined variable: user D:\phpfind\WWW\thinkphp\Shop\Runtime\Cache\Admin\52b83017704e7cf3f14fdee5125960d1.php 第 110 行.
NOTIC: [2] in_array() expects parameter 2 to be array, string given D:\phpfind\WWW\thinkphp\Shop\Common\Controller\AuthController.class.php 第 41 行.

[ 2016-03-17T00:47:35+08:00 ] 127.0.0.1 /index.php/Admin/Admin/index.html
INFO: [ app_init ] --START--
INFO: Run Behavior\BuildLiteBehavior [ RunTime:0.000000s ]
INFO: [ app_init ] --END-- [ RunTime:0.004000s ]
INFO: [ app_begin ] --START--
INFO: Run Behavior\ReadHtmlCacheBehavior [ RunTime:0.002000s ]
INFO: Run Behavior\CheckLangBehavior [ RunTime:0.007000s ]
INFO: [ app_begin ] --END-- [ RunTime:0.011000s ]
NOTIC: [2] in_array() expects parameter 2 to be array, string given D:\phpfind\WWW\thinkphp\Shop\Common\Controller\AuthController.class.php 第 41 行.
INFO: [ view_parse ] --START--
INFO: [ template_filter ] --START--
INFO: Run Behavior\ContentReplaceBehavior [ RunTime:0.000000s ]
INFO: [ template_filter ] --END-- [ RunTime:0.002000s ]
NOTIC: [8] Undefined variable: title D:\phpfind\WWW\thinkphp\Shop\Runtime\Cache\Admin\52b83017704e7cf3f14fdee5125960d1.php 第 6 行.
NOTIC: [8] Undefined variable: user D:\phpfind\WWW\thinkphp\Shop\Runtime\Cache\Admin\52b83017704e7cf3f14fdee5125960d1.php 第 89 行.
NOTIC: [8] Undefined variable: user D:\phpfind\WWW\thinkphp\Shop\Runtime\Cache\Admin\52b83017704e7cf3f14fdee5125960d1.php 第 90 行.
NOTIC: [8] Undefined variable: user D:\phpfind\WWW\thinkphp\Shop\Runtime\Cache\Admin\52b83017704e7cf3f14fdee5125960d1.php 第 106 行.
NOTIC: [8] Undefined variable: user D:\phpfind\WWW\thinkphp\Shop\Runtime\Cache\Admin\52b83017704e7cf3f14fdee5125960d1.php 第 106 行.
NOTIC: [8] Undefined variable: user D:\phpfind\WWW\thinkphp\Shop\Runtime\Cache\Admin\52b83017704e7cf3f14fdee5125960d1.php 第 107 行.
NOTIC: [8] Undefined variable: user D:\phpfind\WWW\thinkphp\Shop\Runtime\Cache\Admin\52b83017704e7cf3f14fdee5125960d1.php 第 107 行.
NOTIC: [8] Undefined variable: user D:\phpfind\WWW\thinkphp\Shop\Runtime\Cache\Admin\52b83017704e7cf3f14fdee5125960d1.php 第 108 行.
NOTIC: [8] Undefined variable: user D:\phpfind\WWW\thinkphp\Shop\Runtime\Cache\Admin\52b83017704e7cf3f14fdee5125960d1.php 第 109 行.
NOTIC: [8] Undefined variable: user D:\phpfind\WWW\thinkphp\Shop\Runtime\Cache\Admin\52b83017704e7cf3f14fdee5125960d1.php 第 110 行.
NOTIC: [2] in_array() expects parameter 2 to be array, string given D:\phpfind\WWW\thinkphp\Shop\Common\Controller\AuthController.class.php 第 41 行.

[ 2016-03-17T00:48:33+08:00 ] 127.0.0.1 /index.php/Admin/Admin/index.html
INFO: [ app_init ] --START--
INFO: Run Behavior\BuildLiteBehavior [ RunTime:0.000000s ]
INFO: [ app_init ] --END-- [ RunTime:0.003000s ]
INFO: [ app_begin ] --START--
INFO: Run Behavior\ReadHtmlCacheBehavior [ RunTime:0.003000s ]
INFO: Run Behavior\CheckLangBehavior [ RunTime:0.004000s ]
INFO: [ app_begin ] --END-- [ RunTime:0.010001s ]
NOTIC: [2] in_array() expects parameter 2 to be array, string given D:\phpfind\WWW\thinkphp\Shop\Common\Controller\AuthController.class.php 第 41 行.
INFO: [ view_parse ] --START--
INFO: [ template_filter ] --START--
INFO: Run Behavior\ContentReplaceBehavior [ RunTime:0.000000s ]
INFO: [ template_filter ] --END-- [ RunTime:0.002000s ]
NOTIC: [8] Undefined variable: title D:\phpfind\WWW\thinkphp\Shop\Runtime\Cache\Admin\52b83017704e7cf3f14fdee5125960d1.php 第 6 行.
NOTIC: [8] Undefined variable: user D:\phpfind\WWW\thinkphp\Shop\Runtime\Cache\Admin\52b83017704e7cf3f14fdee5125960d1.php 第 89 行.
NOTIC: [8] Undefined variable: user D:\phpfind\WWW\thinkphp\Shop\Runtime\Cache\Admin\52b83017704e7cf3f14fdee5125960d1.php 第 90 行.
NOTIC: [8] Undefined variable: user D:\phpfind\WWW\thinkphp\Shop\Runtime\Cache\Admin\52b83017704e7cf3f14fdee5125960d1.php 第 106 行.
NOTIC: [8] Undefined variable: user D:\phpfind\WWW\thinkphp\Shop\Runtime\Cache\Admin\52b83017704e7cf3f14fdee5125960d1.php 第 106 行.
NOTIC: [8] Undefined variable: user D:\phpfind\WWW\thinkphp\Shop\Runtime\Cache\Admin\52b83017704e7cf3f14fdee5125960d1.php 第 107 行.
NOTIC: [8] Undefined variable: user D:\phpfind\WWW\thinkphp\Shop\Runtime\Cache\Admin\52b83017704e7cf3f14fdee5125960d1.php 第 107 行.
NOTIC: [8] Undefined variable: user D:\phpfind\WWW\thinkphp\Shop\Runtime\Cache\Admin\52b83017704e7cf3f14fdee5125960d1.php 第 108 行.
NOTIC: [8] Undefined variable: user D:\phpfind\WWW\thinkphp\Shop\Runtime\Cache\Admin\52b83017704e7cf3f14fdee5125960d1.php 第 109 行.
NOTIC: [8] Undefined variable: user D:\phpfind\WWW\thinkphp\Shop\Runtime\Cache\Admin\52b83017704e7cf3f14fdee5125960d1.php 第 110 行.
NOTIC: [2] in_array() expects parameter 2 to be array, string given D:\phpfind\WWW\thinkphp\Shop\Common\Controller\AuthController.class.php 第 41 行.

[ 2016-03-17T00:51:47+08:00 ] 127.0.0.1 /index.php/Admin/Admin/index.html
INFO: [ app_init ] --START--
INFO: Run Behavior\BuildLiteBehavior [ RunTime:0.000000s ]
INFO: [ app_init ] --END-- [ RunTime:0.003000s ]
INFO: [ app_begin ] --START--
INFO: Run Behavior\ReadHtmlCacheBehavior [ RunTime:0.002000s ]
INFO: Run Behavior\CheckLangBehavior [ RunTime:0.005000s ]
INFO: [ app_begin ] --END-- [ RunTime:0.009000s ]
NOTIC: [2] in_array() expects parameter 2 to be array, string given D:\phpfind\WWW\thinkphp\Shop\Common\Controller\AuthController.class.php 第 41 行.
INFO: [ view_parse ] --START--
INFO: [ template_filter ] --START--
INFO: Run Behavior\ContentReplaceBehavior [ RunTime:0.001000s ]
INFO: [ template_filter ] --END-- [ RunTime:0.002000s ]
NOTIC: [8] Undefined variable: title D:\phpfind\WWW\thinkphp\Shop\Runtime\Cache\Admin\52b83017704e7cf3f14fdee5125960d1.php 第 6 行.
NOTIC: [8] Undefined variable: user D:\phpfind\WWW\thinkphp\Shop\Runtime\Cache\Admin\52b83017704e7cf3f14fdee5125960d1.php 第 89 行.
NOTIC: [8] Undefined variable: user D:\phpfind\WWW\thinkphp\Shop\Runtime\Cache\Admin\52b83017704e7cf3f14fdee5125960d1.php 第 90 行.
NOTIC: [8] Undefined variable: user D:\phpfind\WWW\thinkphp\Shop\Runtime\Cache\Admin\52b83017704e7cf3f14fdee5125960d1.php 第 106 行.
NOTIC: [8] Undefined variable: user D:\phpfind\WWW\thinkphp\Shop\Runtime\Cache\Admin\52b83017704e7cf3f14fdee5125960d1.php 第 106 行.
NOTIC: [8] Undefined variable: user D:\phpfind\WWW\thinkphp\Shop\Runtime\Cache\Admin\52b83017704e7cf3f14fdee5125960d1.php 第 107 行.
NOTIC: [8] Undefined variable: user D:\phpfind\WWW\thinkphp\Shop\Runtime\Cache\Admin\52b83017704e7cf3f14fdee5125960d1.php 第 107 行.
NOTIC: [8] Undefined variable: user D:\phpfind\WWW\thinkphp\Shop\Runtime\Cache\Admin\52b83017704e7cf3f14fdee5125960d1.php 第 108 行.
NOTIC: [8] Undefined variable: user D:\phpfind\WWW\thinkphp\Shop\Runtime\Cache\Admin\52b83017704e7cf3f14fdee5125960d1.php 第 109 行.
NOTIC: [8] Undefined variable: user D:\phpfind\WWW\thinkphp\Shop\Runtime\Cache\Admin\52b83017704e7cf3f14fdee5125960d1.php 第 110 行.
NOTIC: [2] in_array() expects parameter 2 to be array, string given D:\phpfind\WWW\thinkphp\Shop\Common\Controller\AuthController.class.php 第 41 行.

[ 2016-03-17T01:02:40+08:00 ] 127.0.0.1 /index.php/Admin/Admin/index.html
INFO: [ app_init ] --START--
INFO: Run Behavior\BuildLiteBehavior [ RunTime:0.000000s ]
INFO: [ app_init ] --END-- [ RunTime:0.005001s ]
INFO: [ app_begin ] --START--
INFO: Run Behavior\ReadHtmlCacheBehavior [ RunTime:0.002000s ]
INFO: Run Behavior\CheckLangBehavior [ RunTime:0.006000s ]
INFO: [ app_begin ] --END-- [ RunTime:0.010001s ]
NOTIC: [2] in_array() expects parameter 2 to be array, string given D:\phpfind\WWW\thinkphp\Shop\Common\Controller\AuthController.class.php 第 41 行.
INFO: [ view_parse ] --START--
INFO: [ template_filter ] --START--
INFO: Run Behavior\ContentReplaceBehavior [ RunTime:0.000000s ]
INFO: [ template_filter ] --END-- [ RunTime:0.002000s ]
NOTIC: [8] Undefined variable: title D:\phpfind\WWW\thinkphp\Shop\Runtime\Cache\Admin\52b83017704e7cf3f14fdee5125960d1.php 第 6 行.
NOTIC: [8] Undefined variable: user D:\phpfind\WWW\thinkphp\Shop\Runtime\Cache\Admin\52b83017704e7cf3f14fdee5125960d1.php 第 89 行.
NOTIC: [8] Undefined variable: user D:\phpfind\WWW\thinkphp\Shop\Runtime\Cache\Admin\52b83017704e7cf3f14fdee5125960d1.php 第 90 行.
NOTIC: [8] Undefined variable: user D:\phpfind\WWW\thinkphp\Shop\Runtime\Cache\Admin\52b83017704e7cf3f14fdee5125960d1.php 第 106 行.
NOTIC: [8] Undefined variable: user D:\phpfind\WWW\thinkphp\Shop\Runtime\Cache\Admin\52b83017704e7cf3f14fdee5125960d1.php 第 106 行.
NOTIC: [8] Undefined variable: user D:\phpfind\WWW\thinkphp\Shop\Runtime\Cache\Admin\52b83017704e7cf3f14fdee5125960d1.php 第 107 行.
NOTIC: [8] Undefined variable: user D:\phpfind\WWW\thinkphp\Shop\Runtime\Cache\Admin\52b83017704e7cf3f14fdee5125960d1.php 第 107 行.
NOTIC: [8] Undefined variable: user D:\phpfind\WWW\thinkphp\Shop\Runtime\Cache\Admin\52b83017704e7cf3f14fdee5125960d1.php 第 108 行.
NOTIC: [8] Undefined variable: user D:\phpfind\WWW\thinkphp\Shop\Runtime\Cache\Admin\52b83017704e7cf3f14fdee5125960d1.php 第 109 行.
NOTIC: [8] Undefined variable: user D:\phpfind\WWW\thinkphp\Shop\Runtime\Cache\Admin\52b83017704e7cf3f14fdee5125960d1.php 第 110 行.
NOTIC: [2] in_array() expects parameter 2 to be array, string given D:\phpfind\WWW\thinkphp\Shop\Common\Controller\AuthController.class.php 第 41 行.
NOTIC: [2] array_merge() [<a href='function.array-merge'>function.array-merge</a>]: Argument #2 is not an array D:\phpfind\WWW\thinkphp\Shop\Admin\Widget\MyWidget.class.php 第 46 行.
NOTIC: [2] array_merge() [<a href='function.array-merge'>function.array-merge</a>]: Argument #2 is not an array D:\phpfind\WWW\thinkphp\Shop\Admin\Widget\MyWidget.class.php 第 46 行.
NOTIC: [2] array_merge() [<a href='function.array-merge'>function.array-merge</a>]: Argument #2 is not an array D:\phpfind\WWW\thinkphp\Shop\Admin\Widget\MyWidget.class.php 第 46 行.
NOTIC: [2] array_merge() [<a href='function.array-merge'>function.array-merge</a>]: Argument #2 is not an array D:\phpfind\WWW\thinkphp\Shop\Admin\Widget\MyWidget.class.php 第 46 行.
NOTIC: [2] array_merge() [<a href='function.array-merge'>function.array-merge</a>]: Argument #2 is not an array D:\phpfind\WWW\thinkphp\Shop\Admin\Widget\MyWidget.class.php 第 46 行.

[ 2016-03-17T01:05:53+08:00 ] 127.0.0.1 /index.php/Admin/Admin/index.html
INFO: [ app_init ] --START--
INFO: Run Behavior\BuildLiteBehavior [ RunTime:0.000000s ]
INFO: [ app_init ] --END-- [ RunTime:0.003000s ]
INFO: [ app_begin ] --START--
INFO: Run Behavior\ReadHtmlCacheBehavior [ RunTime:0.002000s ]
INFO: Run Behavior\CheckLangBehavior [ RunTime:0.005000s ]
INFO: [ app_begin ] --END-- [ RunTime:0.009000s ]
NOTIC: [2] in_array() expects parameter 2 to be array, string given D:\phpfind\WWW\thinkphp\Shop\Common\Controller\AuthController.class.php 第 41 行.
INFO: [ view_parse ] --START--
INFO: [ template_filter ] --START--
INFO: Run Behavior\ContentReplaceBehavior [ RunTime:0.000000s ]
INFO: [ template_filter ] --END-- [ RunTime:0.002000s ]
NOTIC: [8] Undefined variable: title D:\phpfind\WWW\thinkphp\Shop\Runtime\Cache\Admin\52b83017704e7cf3f14fdee5125960d1.php 第 6 行.
NOTIC: [8] Undefined variable: user D:\phpfind\WWW\thinkphp\Shop\Runtime\Cache\Admin\52b83017704e7cf3f14fdee5125960d1.php 第 89 行.
NOTIC: [8] Undefined variable: user D:\phpfind\WWW\thinkphp\Shop\Runtime\Cache\Admin\52b83017704e7cf3f14fdee5125960d1.php 第 90 行.
NOTIC: [8] Undefined variable: user D:\phpfind\WWW\thinkphp\Shop\Runtime\Cache\Admin\52b83017704e7cf3f14fdee5125960d1.php 第 106 行.
NOTIC: [8] Undefined variable: user D:\phpfind\WWW\thinkphp\Shop\Runtime\Cache\Admin\52b83017704e7cf3f14fdee5125960d1.php 第 106 行.
NOTIC: [8] Undefined variable: user D:\phpfind\WWW\thinkphp\Shop\Runtime\Cache\Admin\52b83017704e7cf3f14fdee5125960d1.php 第 107 行.
NOTIC: [8] Undefined variable: user D:\phpfind\WWW\thinkphp\Shop\Runtime\Cache\Admin\52b83017704e7cf3f14fdee5125960d1.php 第 107 行.
NOTIC: [8] Undefined variable: user D:\phpfind\WWW\thinkphp\Shop\Runtime\Cache\Admin\52b83017704e7cf3f14fdee5125960d1.php 第 108 行.
NOTIC: [8] Undefined variable: user D:\phpfind\WWW\thinkphp\Shop\Runtime\Cache\Admin\52b83017704e7cf3f14fdee5125960d1.php 第 109 行.
NOTIC: [8] Undefined variable: user D:\phpfind\WWW\thinkphp\Shop\Runtime\Cache\Admin\52b83017704e7cf3f14fdee5125960d1.php 第 110 行.
NOTIC: [2] in_array() expects parameter 2 to be array, string given D:\phpfind\WWW\thinkphp\Shop\Common\Controller\AuthController.class.php 第 41 行.

[ 2016-03-17T01:07:28+08:00 ] 127.0.0.1 /index.php/Admin/Admin/index.html
INFO: [ app_init ] --START--
INFO: Run Behavior\BuildLiteBehavior [ RunTime:0.000000s ]
INFO: [ app_init ] --END-- [ RunTime:0.003000s ]
INFO: [ app_begin ] --START--
INFO: Run Behavior\ReadHtmlCacheBehavior [ RunTime:0.002000s ]
INFO: Run Behavior\CheckLangBehavior [ RunTime:0.005000s ]
INFO: [ app_begin ] --END-- [ RunTime:0.009000s ]
NOTIC: [2] in_array() expects parameter 2 to be array, string given D:\phpfind\WWW\thinkphp\Shop\Common\Controller\AuthController.class.php 第 41 行.
INFO: [ view_parse ] --START--
INFO: [ template_filter ] --START--
INFO: Run Behavior\ContentReplaceBehavior [ RunTime:0.001000s ]
INFO: [ template_filter ] --END-- [ RunTime:0.002000s ]
NOTIC: [8] Undefined variable: title D:\phpfind\WWW\thinkphp\Shop\Runtime\Cache\Admin\52b83017704e7cf3f14fdee5125960d1.php 第 6 行.
NOTIC: [8] Undefined variable: user D:\phpfind\WWW\thinkphp\Shop\Runtime\Cache\Admin\52b83017704e7cf3f14fdee5125960d1.php 第 89 行.
NOTIC: [8] Undefined variable: user D:\phpfind\WWW\thinkphp\Shop\Runtime\Cache\Admin\52b83017704e7cf3f14fdee5125960d1.php 第 90 行.
NOTIC: [8] Undefined variable: user D:\phpfind\WWW\thinkphp\Shop\Runtime\Cache\Admin\52b83017704e7cf3f14fdee5125960d1.php 第 106 行.
NOTIC: [8] Undefined variable: user D:\phpfind\WWW\thinkphp\Shop\Runtime\Cache\Admin\52b83017704e7cf3f14fdee5125960d1.php 第 106 行.
NOTIC: [8] Undefined variable: user D:\phpfind\WWW\thinkphp\Shop\Runtime\Cache\Admin\52b83017704e7cf3f14fdee5125960d1.php 第 107 行.
NOTIC: [8] Undefined variable: user D:\phpfind\WWW\thinkphp\Shop\Runtime\Cache\Admin\52b83017704e7cf3f14fdee5125960d1.php 第 107 行.
NOTIC: [8] Undefined variable: user D:\phpfind\WWW\thinkphp\Shop\Runtime\Cache\Admin\52b83017704e7cf3f14fdee5125960d1.php 第 108 行.
NOTIC: [8] Undefined variable: user D:\phpfind\WWW\thinkphp\Shop\Runtime\Cache\Admin\52b83017704e7cf3f14fdee5125960d1.php 第 109 行.
NOTIC: [8] Undefined variable: user D:\phpfind\WWW\thinkphp\Shop\Runtime\Cache\Admin\52b83017704e7cf3f14fdee5125960d1.php 第 110 行.
NOTIC: [2] in_array() expects parameter 2 to be array, string given D:\phpfind\WWW\thinkphp\Shop\Common\Controller\AuthController.class.php 第 41 行.

[ 2016-03-17T01:08:15+08:00 ] 127.0.0.1 /index.php/Admin/Admin/index.html
INFO: [ app_init ] --START--
INFO: Run Behavior\BuildLiteBehavior [ RunTime:0.001000s ]
INFO: [ app_init ] --END-- [ RunTime:0.004001s ]
INFO: [ app_begin ] --START--
INFO: Run Behavior\ReadHtmlCacheBehavior [ RunTime:0.003000s ]
INFO: Run Behavior\CheckLangBehavior [ RunTime:0.006000s ]
INFO: [ app_begin ] --END-- [ RunTime:0.010000s ]
NOTIC: [2] in_array() expects parameter 2 to be array, string given D:\phpfind\WWW\thinkphp\Shop\Common\Controller\AuthController.class.php 第 41 行.
INFO: [ view_parse ] --START--
INFO: [ template_filter ] --START--
INFO: Run Behavior\ContentReplaceBehavior [ RunTime:0.001000s ]
INFO: [ template_filter ] --END-- [ RunTime:0.002000s ]
NOTIC: [8] Undefined variable: title D:\phpfind\WWW\thinkphp\Shop\Runtime\Cache\Admin\52b83017704e7cf3f14fdee5125960d1.php 第 6 行.
NOTIC: [8] Undefined variable: user D:\phpfind\WWW\thinkphp\Shop\Runtime\Cache\Admin\52b83017704e7cf3f14fdee5125960d1.php 第 89 行.
NOTIC: [8] Undefined variable: user D:\phpfind\WWW\thinkphp\Shop\Runtime\Cache\Admin\52b83017704e7cf3f14fdee5125960d1.php 第 90 行.
NOTIC: [8] Undefined variable: user D:\phpfind\WWW\thinkphp\Shop\Runtime\Cache\Admin\52b83017704e7cf3f14fdee5125960d1.php 第 106 行.
NOTIC: [8] Undefined variable: user D:\phpfind\WWW\thinkphp\Shop\Runtime\Cache\Admin\52b83017704e7cf3f14fdee5125960d1.php 第 106 行.
NOTIC: [8] Undefined variable: user D:\phpfind\WWW\thinkphp\Shop\Runtime\Cache\Admin\52b83017704e7cf3f14fdee5125960d1.php 第 107 行.
NOTIC: [8] Undefined variable: user D:\phpfind\WWW\thinkphp\Shop\Runtime\Cache\Admin\52b83017704e7cf3f14fdee5125960d1.php 第 107 行.
NOTIC: [8] Undefined variable: user D:\phpfind\WWW\thinkphp\Shop\Runtime\Cache\Admin\52b83017704e7cf3f14fdee5125960d1.php 第 108 行.
NOTIC: [8] Undefined variable: user D:\phpfind\WWW\thinkphp\Shop\Runtime\Cache\Admin\52b83017704e7cf3f14fdee5125960d1.php 第 109 行.
NOTIC: [8] Undefined variable: user D:\phpfind\WWW\thinkphp\Shop\Runtime\Cache\Admin\52b83017704e7cf3f14fdee5125960d1.php 第 110 行.
NOTIC: [2] in_array() expects parameter 2 to be array, string given D:\phpfind\WWW\thinkphp\Shop\Common\Controller\AuthController.class.php 第 41 行.

[ 2016-03-17T01:22:51+08:00 ] 127.0.0.1 /index.php/Admin/Admin/index.html
INFO: [ app_init ] --START--
INFO: Run Behavior\BuildLiteBehavior [ RunTime:0.001001s ]
INFO: [ app_init ] --END-- [ RunTime:0.003001s ]
INFO: [ app_begin ] --START--
INFO: Run Behavior\ReadHtmlCacheBehavior [ RunTime:0.003001s ]
INFO: Run Behavior\CheckLangBehavior [ RunTime:0.005000s ]
INFO: [ app_begin ] --END-- [ RunTime:0.009001s ]
NOTIC: [2] in_array() expects parameter 2 to be array, string given D:\phpfind\WWW\thinkphp\Shop\Common\Controller\AuthController.class.php 第 40 行.
INFO: [ view_parse ] --START--
INFO: [ template_filter ] --START--
INFO: Run Behavior\ContentReplaceBehavior [ RunTime:0.000000s ]
INFO: [ template_filter ] --END-- [ RunTime:0.002000s ]
NOTIC: [8] Undefined variable: title D:\phpfind\WWW\thinkphp\Shop\Runtime\Cache\Admin\52b83017704e7cf3f14fdee5125960d1.php 第 6 行.
NOTIC: [8] Undefined variable: user D:\phpfind\WWW\thinkphp\Shop\Runtime\Cache\Admin\52b83017704e7cf3f14fdee5125960d1.php 第 89 行.
NOTIC: [8] Undefined variable: user D:\phpfind\WWW\thinkphp\Shop\Runtime\Cache\Admin\52b83017704e7cf3f14fdee5125960d1.php 第 90 行.
NOTIC: [8] Undefined variable: user D:\phpfind\WWW\thinkphp\Shop\Runtime\Cache\Admin\52b83017704e7cf3f14fdee5125960d1.php 第 106 行.
NOTIC: [8] Undefined variable: user D:\phpfind\WWW\thinkphp\Shop\Runtime\Cache\Admin\52b83017704e7cf3f14fdee5125960d1.php 第 106 行.
NOTIC: [8] Undefined variable: user D:\phpfind\WWW\thinkphp\Shop\Runtime\Cache\Admin\52b83017704e7cf3f14fdee5125960d1.php 第 107 行.
NOTIC: [8] Undefined variable: user D:\phpfind\WWW\thinkphp\Shop\Runtime\Cache\Admin\52b83017704e7cf3f14fdee5125960d1.php 第 107 行.
NOTIC: [8] Undefined variable: user D:\phpfind\WWW\thinkphp\Shop\Runtime\Cache\Admin\52b83017704e7cf3f14fdee5125960d1.php 第 108 行.
NOTIC: [8] Undefined variable: user D:\phpfind\WWW\thinkphp\Shop\Runtime\Cache\Admin\52b83017704e7cf3f14fdee5125960d1.php 第 109 行.
NOTIC: [8] Undefined variable: user D:\phpfind\WWW\thinkphp\Shop\Runtime\Cache\Admin\52b83017704e7cf3f14fdee5125960d1.php 第 110 行.
NOTIC: [2] in_array() expects parameter 2 to be array, string given D:\phpfind\WWW\thinkphp\Shop\Common\Controller\AuthController.class.php 第 40 行.
INFO: [ view_parse ] --START--
NOTIC: [8] Undefined offset: 1 D:\phpfind\WWW\thinkphp\Think\Library\Think\Template.class.php 第 527 行.
NOTIC: [2] simplexml_load_string() [<a href='function.simplexml-load-string'>function.simplexml-load-string</a>]: Entity: line 1: parser error : Unescaped '&lt;' not allowed in attributes values D:\phpfind\WWW\thinkphp\Think\Library\Think\Template\TagLib.class.php 第 80 行.
NOTIC: [2] simplexml_load_string() [<a href='function.simplexml-load-string'>function.simplexml-load-string</a>]: &lt;tpl&gt;&lt;tag name=&quot;&lt;?php echo ($menu); ? /&gt;&lt;/tpl&gt; D:\phpfind\WWW\thinkphp\Think\Library\Think\Template\TagLib.class.php 第 80 行.
NOTIC: [2] simplexml_load_string() [<a href='function.simplexml-load-string'>function.simplexml-load-string</a>]:                 ^ D:\phpfind\WWW\thinkphp\Think\Library\Think\Template\TagLib.class.php 第 80 行.
NOTIC: [2] simplexml_load_string() [<a href='function.simplexml-load-string'>function.simplexml-load-string</a>]: Entity: line 1: parser error : attributes construct error D:\phpfind\WWW\thinkphp\Think\Library\Think\Template\TagLib.class.php 第 80 行.
NOTIC: [2] simplexml_load_string() [<a href='function.simplexml-load-string'>function.simplexml-load-string</a>]: &lt;tpl&gt;&lt;tag name=&quot;&lt;?php echo ($menu); ? /&gt;&lt;/tpl&gt; D:\phpfind\WWW\thinkphp\Think\Library\Think\Template\TagLib.class.php 第 80 行.
NOTIC: [2] simplexml_load_string() [<a href='function.simplexml-load-string'>function.simplexml-load-string</a>]:                 ^ D:\phpfind\WWW\thinkphp\Think\Library\Think\Template\TagLib.class.php 第 80 行.
NOTIC: [2] simplexml_load_string() [<a href='function.simplexml-load-string'>function.simplexml-load-string</a>]: Entity: line 1: parser error : Couldn't find end of Start Tag tag line 1 D:\phpfind\WWW\thinkphp\Think\Library\Think\Template\TagLib.class.php 第 80 行.
NOTIC: [2] simplexml_load_string() [<a href='function.simplexml-load-string'>function.simplexml-load-string</a>]: &lt;tpl&gt;&lt;tag name=&quot;&lt;?php echo ($menu); ? /&gt;&lt;/tpl&gt; D:\phpfind\WWW\thinkphp\Think\Library\Think\Template\TagLib.class.php 第 80 行.
NOTIC: [2] simplexml_load_string() [<a href='function.simplexml-load-string'>function.simplexml-load-string</a>]:                 ^ D:\phpfind\WWW\thinkphp\Think\Library\Think\Template\TagLib.class.php 第 80 行.
NOTIC: [2] simplexml_load_string() [<a href='function.simplexml-load-string'>function.simplexml-load-string</a>]: Entity: line 1: parser error : ParsePI: PI php never end ... D:\phpfind\WWW\thinkphp\Think\Library\Think\Template\TagLib.class.php 第 80 行.
NOTIC: [2] simplexml_load_string() [<a href='function.simplexml-load-string'>function.simplexml-load-string</a>]: &lt;tpl&gt;&lt;tag name=&quot;&lt;?php echo ($menu); ? /&gt;&lt;/tpl&gt; D:\phpfind\WWW\thinkphp\Think\Library\Think\Template\TagLib.class.php 第 80 行.
NOTIC: [2] simplexml_load_string() [<a href='function.simplexml-load-string'>function.simplexml-load-string</a>]:                                               ^ D:\phpfind\WWW\thinkphp\Think\Library\Think\Template\TagLib.class.php 第 80 行.
NOTIC: [2] simplexml_load_string() [<a href='function.simplexml-load-string'>function.simplexml-load-string</a>]: Entity: line 1: parser error : Premature end of data in tag tpl line 1 D:\phpfind\WWW\thinkphp\Think\Library\Think\Template\TagLib.class.php 第 80 行.
NOTIC: [2] simplexml_load_string() [<a href='function.simplexml-load-string'>function.simplexml-load-string</a>]: &lt;tpl&gt;&lt;tag name=&quot;&lt;?php echo ($menu); ? /&gt;&lt;/tpl&gt; D:\phpfind\WWW\thinkphp\Think\Library\Think\Template\TagLib.class.php 第 80 行.
NOTIC: [2] simplexml_load_string() [<a href='function.simplexml-load-string'>function.simplexml-load-string</a>]:                                               ^ D:\phpfind\WWW\thinkphp\Think\Library\Think\Template\TagLib.class.php 第 80 行.
ERR: XML标签语法错误 : name="<?php echo ($menu); ?

[ 2016-03-17T01:24:47+08:00 ] 127.0.0.1 /index.php/Admin/Admin/index.html
INFO: [ app_init ] --START--
INFO: Run Behavior\BuildLiteBehavior [ RunTime:0.000000s ]
INFO: [ app_init ] --END-- [ RunTime:0.003000s ]
INFO: [ app_begin ] --START--
INFO: Run Behavior\ReadHtmlCacheBehavior [ RunTime:0.003000s ]
INFO: Run Behavior\CheckLangBehavior [ RunTime:0.005000s ]
INFO: [ app_begin ] --END-- [ RunTime:0.010000s ]
NOTIC: [2] in_array() expects parameter 2 to be array, string given D:\phpfind\WWW\thinkphp\Shop\Common\Controller\AuthController.class.php 第 40 行.
INFO: [ view_parse ] --START--
INFO: [ template_filter ] --START--
INFO: Run Behavior\ContentReplaceBehavior [ RunTime:0.001000s ]
INFO: [ template_filter ] --END-- [ RunTime:0.002000s ]
NOTIC: [8] Undefined variable: title D:\phpfind\WWW\thinkphp\Shop\Runtime\Cache\Admin\52b83017704e7cf3f14fdee5125960d1.php 第 6 行.
NOTIC: [8] Undefined variable: user D:\phpfind\WWW\thinkphp\Shop\Runtime\Cache\Admin\52b83017704e7cf3f14fdee5125960d1.php 第 89 行.
NOTIC: [8] Undefined variable: user D:\phpfind\WWW\thinkphp\Shop\Runtime\Cache\Admin\52b83017704e7cf3f14fdee5125960d1.php 第 90 行.
NOTIC: [8] Undefined variable: user D:\phpfind\WWW\thinkphp\Shop\Runtime\Cache\Admin\52b83017704e7cf3f14fdee5125960d1.php 第 106 行.
NOTIC: [8] Undefined variable: user D:\phpfind\WWW\thinkphp\Shop\Runtime\Cache\Admin\52b83017704e7cf3f14fdee5125960d1.php 第 106 行.
NOTIC: [8] Undefined variable: user D:\phpfind\WWW\thinkphp\Shop\Runtime\Cache\Admin\52b83017704e7cf3f14fdee5125960d1.php 第 107 行.
NOTIC: [8] Undefined variable: user D:\phpfind\WWW\thinkphp\Shop\Runtime\Cache\Admin\52b83017704e7cf3f14fdee5125960d1.php 第 107 行.
NOTIC: [8] Undefined variable: user D:\phpfind\WWW\thinkphp\Shop\Runtime\Cache\Admin\52b83017704e7cf3f14fdee5125960d1.php 第 108 行.
NOTIC: [8] Undefined variable: user D:\phpfind\WWW\thinkphp\Shop\Runtime\Cache\Admin\52b83017704e7cf3f14fdee5125960d1.php 第 109 行.
NOTIC: [8] Undefined variable: user D:\phpfind\WWW\thinkphp\Shop\Runtime\Cache\Admin\52b83017704e7cf3f14fdee5125960d1.php 第 110 行.
NOTIC: [2] in_array() expects parameter 2 to be array, string given D:\phpfind\WWW\thinkphp\Shop\Common\Controller\AuthController.class.php 第 40 行.
INFO: [ view_parse ] --START--
NOTIC: [8] Undefined offset: 1 D:\phpfind\WWW\thinkphp\Think\Library\Think\Template.class.php 第 527 行.
NOTIC: [2] simplexml_load_string() [<a href='function.simplexml-load-string'>function.simplexml-load-string</a>]: Entity: line 1: parser error : Unescaped '&lt;' not allowed in attributes values D:\phpfind\WWW\thinkphp\Think\Library\Think\Template\TagLib.class.php 第 80 行.
NOTIC: [2] simplexml_load_string() [<a href='function.simplexml-load-string'>function.simplexml-load-string</a>]: &lt;tpl&gt;&lt;tag name=&quot;&lt;?php echo ($menu); ? /&gt;&lt;/tpl&gt; D:\phpfind\WWW\thinkphp\Think\Library\Think\Template\TagLib.class.php 第 80 行.
NOTIC: [2] simplexml_load_string() [<a href='function.simplexml-load-string'>function.simplexml-load-string</a>]:                 ^ D:\phpfind\WWW\thinkphp\Think\Library\Think\Template\TagLib.class.php 第 80 行.
NOTIC: [2] simplexml_load_string() [<a href='function.simplexml-load-string'>function.simplexml-load-string</a>]: Entity: line 1: parser error : attributes construct error D:\phpfind\WWW\thinkphp\Think\Library\Think\Template\TagLib.class.php 第 80 行.
NOTIC: [2] simplexml_load_string() [<a href='function.simplexml-load-string'>function.simplexml-load-string</a>]: &lt;tpl&gt;&lt;tag name=&quot;&lt;?php echo ($menu); ? /&gt;&lt;/tpl&gt; D:\phpfind\WWW\thinkphp\Think\Library\Think\Template\TagLib.class.php 第 80 行.
NOTIC: [2] simplexml_load_string() [<a href='function.simplexml-load-string'>function.simplexml-load-string</a>]:                 ^ D:\phpfind\WWW\thinkphp\Think\Library\Think\Template\TagLib.class.php 第 80 行.
NOTIC: [2] simplexml_load_string() [<a href='function.simplexml-load-string'>function.simplexml-load-string</a>]: Entity: line 1: parser error : Couldn't find end of Start Tag tag line 1 D:\phpfind\WWW\thinkphp\Think\Library\Think\Template\TagLib.class.php 第 80 行.
NOTIC: [2] simplexml_load_string() [<a href='function.simplexml-load-string'>function.simplexml-load-string</a>]: &lt;tpl&gt;&lt;tag name=&quot;&lt;?php echo ($menu); ? /&gt;&lt;/tpl&gt; D:\phpfind\WWW\thinkphp\Think\Library\Think\Template\TagLib.class.php 第 80 行.
NOTIC: [2] simplexml_load_string() [<a href='function.simplexml-load-string'>function.simplexml-load-string</a>]:                 ^ D:\phpfind\WWW\thinkphp\Think\Library\Think\Template\TagLib.class.php 第 80 行.
NOTIC: [2] simplexml_load_string() [<a href='function.simplexml-load-string'>function.simplexml-load-string</a>]: Entity: line 1: parser error : ParsePI: PI php never end ... D:\phpfind\WWW\thinkphp\Think\Library\Think\Template\TagLib.class.php 第 80 行.
NOTIC: [2] simplexml_load_string() [<a href='function.simplexml-load-string'>function.simplexml-load-string</a>]: &lt;tpl&gt;&lt;tag name=&quot;&lt;?php echo ($menu); ? /&gt;&lt;/tpl&gt; D:\phpfind\WWW\thinkphp\Think\Library\Think\Template\TagLib.class.php 第 80 行.
NOTIC: [2] simplexml_load_string() [<a href='function.simplexml-load-string'>function.simplexml-load-string</a>]:                                               ^ D:\phpfind\WWW\thinkphp\Think\Library\Think\Template\TagLib.class.php 第 80 行.
NOTIC: [2] simplexml_load_string() [<a href='function.simplexml-load-string'>function.simplexml-load-string</a>]: Entity: line 1: parser error : Premature end of data in tag tpl line 1 D:\phpfind\WWW\thinkphp\Think\Library\Think\Template\TagLib.class.php 第 80 行.
NOTIC: [2] simplexml_load_string() [<a href='function.simplexml-load-string'>function.simplexml-load-string</a>]: &lt;tpl&gt;&lt;tag name=&quot;&lt;?php echo ($menu); ? /&gt;&lt;/tpl&gt; D:\phpfind\WWW\thinkphp\Think\Library\Think\Template\TagLib.class.php 第 80 行.
NOTIC: [2] simplexml_load_string() [<a href='function.simplexml-load-string'>function.simplexml-load-string</a>]:                                               ^ D:\phpfind\WWW\thinkphp\Think\Library\Think\Template\TagLib.class.php 第 80 行.
ERR: XML标签语法错误 : name="<?php echo ($menu); ?

[ 2016-03-17T01:27:16+08:00 ] 127.0.0.1 /index.php/Admin/Admin/index.html
INFO: [ app_init ] --START--
INFO: Run Behavior\BuildLiteBehavior [ RunTime:0.000000s ]
INFO: [ app_init ] --END-- [ RunTime:0.003000s ]
INFO: [ app_begin ] --START--
INFO: Run Behavior\ReadHtmlCacheBehavior [ RunTime:0.004000s ]
INFO: Run Behavior\CheckLangBehavior [ RunTime:0.010001s ]
INFO: [ app_begin ] --END-- [ RunTime:0.017001s ]
NOTIC: [2] in_array() expects parameter 2 to be array, string given D:\phpfind\WWW\thinkphp\Shop\Common\Controller\AuthController.class.php 第 40 行.
INFO: [ view_parse ] --START--
INFO: [ template_filter ] --START--
INFO: Run Behavior\ContentReplaceBehavior [ RunTime:0.001000s ]
INFO: [ template_filter ] --END-- [ RunTime:0.002000s ]
NOTIC: [8] Undefined variable: title D:\phpfind\WWW\thinkphp\Shop\Runtime\Cache\Admin\52b83017704e7cf3f14fdee5125960d1.php 第 6 行.
NOTIC: [8] Undefined variable: user D:\phpfind\WWW\thinkphp\Shop\Runtime\Cache\Admin\52b83017704e7cf3f14fdee5125960d1.php 第 89 行.
NOTIC: [8] Undefined variable: user D:\phpfind\WWW\thinkphp\Shop\Runtime\Cache\Admin\52b83017704e7cf3f14fdee5125960d1.php 第 90 行.
NOTIC: [8] Undefined variable: user D:\phpfind\WWW\thinkphp\Shop\Runtime\Cache\Admin\52b83017704e7cf3f14fdee5125960d1.php 第 106 行.
NOTIC: [8] Undefined variable: user D:\phpfind\WWW\thinkphp\Shop\Runtime\Cache\Admin\52b83017704e7cf3f14fdee5125960d1.php 第 106 行.
NOTIC: [8] Undefined variable: user D:\phpfind\WWW\thinkphp\Shop\Runtime\Cache\Admin\52b83017704e7cf3f14fdee5125960d1.php 第 107 行.
NOTIC: [8] Undefined variable: user D:\phpfind\WWW\thinkphp\Shop\Runtime\Cache\Admin\52b83017704e7cf3f14fdee5125960d1.php 第 107 行.
NOTIC: [8] Undefined variable: user D:\phpfind\WWW\thinkphp\Shop\Runtime\Cache\Admin\52b83017704e7cf3f14fdee5125960d1.php 第 108 行.
NOTIC: [8] Undefined variable: user D:\phpfind\WWW\thinkphp\Shop\Runtime\Cache\Admin\52b83017704e7cf3f14fdee5125960d1.php 第 109 行.
NOTIC: [8] Undefined variable: user D:\phpfind\WWW\thinkphp\Shop\Runtime\Cache\Admin\52b83017704e7cf3f14fdee5125960d1.php 第 110 行.
NOTIC: [2] in_array() expects parameter 2 to be array, string given D:\phpfind\WWW\thinkphp\Shop\Common\Controller\AuthController.class.php 第 40 行.
INFO: [ view_parse ] --START--
INFO: [ template_filter ] --START--
INFO: Run Behavior\ContentReplaceBehavior [ RunTime:0.000000s ]
INFO: [ template_filter ] --END-- [ RunTime:-0.080005s ]
INFO: Run Behavior\ParseTemplateBehavior [ RunTime:0.050003s ]
INFO: [ view_parse ] --END-- [ RunTime:0.052003s ]
INFO: [ view_filter ] --START--
INFO: Run Behavior\WriteHtmlCacheBehavior [ RunTime:0.076004s ]
INFO: [ view_filter ] --END-- [ RunTime:0.076004s ]
INFO: Run Behavior\ParseTemplateBehavior [ RunTime:0.130007s ]
INFO: [ view_parse ] --END-- [ RunTime:0.052003s ]
INFO: [ view_filter ] --START--
INFO: Run Behavior\WriteHtmlCacheBehavior [ RunTime:0.000000s ]
INFO: [ view_filter ] --END-- [ RunTime:-0.002000s ]
INFO: [ app_end ] --START--
INFO: Run Behavior\ShowPageTraceBehavior [ RunTime:0.011001s ]
INFO: [ app_end ] --END-- [ RunTime:0.012001s ]

[ 2016-03-17T01:28:35+08:00 ] 127.0.0.1 /index.php/Admin/Admin/index.html
INFO: [ app_init ] --START--
INFO: Run Behavior\BuildLiteBehavior [ RunTime:0.001000s ]
INFO: [ app_init ] --END-- [ RunTime:0.003000s ]
INFO: [ app_begin ] --START--
INFO: Run Behavior\ReadHtmlCacheBehavior [ RunTime:0.002001s ]
INFO: Run Behavior\CheckLangBehavior [ RunTime:0.006000s ]
INFO: [ app_begin ] --END-- [ RunTime:0.010001s ]
NOTIC: [2] in_array() expects parameter 2 to be array, string given D:\phpfind\WWW\thinkphp\Shop\Common\Controller\AuthController.class.php 第 40 行.
INFO: [ view_parse ] --START--
INFO: [ template_filter ] --START--
INFO: Run Behavior\ContentReplaceBehavior [ RunTime:0.001000s ]
INFO: [ template_filter ] --END-- [ RunTime:0.001000s ]
NOTIC: [8] Undefined variable: title D:\phpfind\WWW\thinkphp\Shop\Runtime\Cache\Admin\52b83017704e7cf3f14fdee5125960d1.php 第 6 行.
NOTIC: [8] Undefined variable: user D:\phpfind\WWW\thinkphp\Shop\Runtime\Cache\Admin\52b83017704e7cf3f14fdee5125960d1.php 第 89 行.
NOTIC: [8] Undefined variable: user D:\phpfind\WWW\thinkphp\Shop\Runtime\Cache\Admin\52b83017704e7cf3f14fdee5125960d1.php 第 90 行.
NOTIC: [8] Undefined variable: user D:\phpfind\WWW\thinkphp\Shop\Runtime\Cache\Admin\52b83017704e7cf3f14fdee5125960d1.php 第 106 行.
NOTIC: [8] Undefined variable: user D:\phpfind\WWW\thinkphp\Shop\Runtime\Cache\Admin\52b83017704e7cf3f14fdee5125960d1.php 第 106 行.
NOTIC: [8] Undefined variable: user D:\phpfind\WWW\thinkphp\Shop\Runtime\Cache\Admin\52b83017704e7cf3f14fdee5125960d1.php 第 107 行.
NOTIC: [8] Undefined variable: user D:\phpfind\WWW\thinkphp\Shop\Runtime\Cache\Admin\52b83017704e7cf3f14fdee5125960d1.php 第 107 行.
NOTIC: [8] Undefined variable: user D:\phpfind\WWW\thinkphp\Shop\Runtime\Cache\Admin\52b83017704e7cf3f14fdee5125960d1.php 第 108 行.
NOTIC: [8] Undefined variable: user D:\phpfind\WWW\thinkphp\Shop\Runtime\Cache\Admin\52b83017704e7cf3f14fdee5125960d1.php 第 109 行.
NOTIC: [8] Undefined variable: user D:\phpfind\WWW\thinkphp\Shop\Runtime\Cache\Admin\52b83017704e7cf3f14fdee5125960d1.php 第 110 行.
NOTIC: [2] in_array() expects parameter 2 to be array, string given D:\phpfind\WWW\thinkphp\Shop\Common\Controller\AuthController.class.php 第 40 行.
INFO: [ view_parse ] --START--
INFO: [ template_filter ] --START--
INFO: Run Behavior\ContentReplaceBehavior [ RunTime:0.001000s ]
INFO: [ template_filter ] --END-- [ RunTime:-0.068004s ]
INFO: Run Behavior\ParseTemplateBehavior [ RunTime:0.042002s ]
INFO: [ view_parse ] --END-- [ RunTime:0.043002s ]
INFO: [ view_filter ] --START--
INFO: Run Behavior\WriteHtmlCacheBehavior [ RunTime:0.002000s ]
INFO: [ view_filter ] --END-- [ RunTime:0.002000s ]
INFO: Run Behavior\ParseTemplateBehavior [ RunTime:0.046002s ]
INFO: [ view_parse ] --END-- [ RunTime:0.043002s ]
INFO: [ view_filter ] --START--
INFO: Run Behavior\WriteHtmlCacheBehavior [ RunTime:0.000000s ]
INFO: [ view_filter ] --END-- [ RunTime:-0.002001s ]
INFO: [ app_end ] --START--
INFO: Run Behavior\ShowPageTraceBehavior [ RunTime:0.003000s ]
INFO: [ app_end ] --END-- [ RunTime:0.003000s ]

